Using pre-set license
Built from '2020.3/staging' branch; Version is '2020.3.19f1 (68f137dc9bbe) revision 6877495'; Using compiler version '192528614'; Build Type 'Release'
OS: 'Windows 10 Home; OS build 19044.2251; Version 2009; 64bit' Language: 'ru' Physical Memory: 3987 MB
BatchMode: 1, IsHumanControllingUs: 0, StartBugReporterOnCrash: 0, Is64bit: 1, IsPro: 0

COMMAND LINE ARGUMENTS:
C:\Program Files\Unity\Hub\Editor\2020.3.19f1\Editor\Unity.exe
-adb2
-batchMode
-noUpm
-name
AssetImportWorker6
-projectPath
C:/Users/asus/My project
-logFile
Logs/AssetImportWorker6.log
-srvPort
65455
Successfully changed project path to: C:/Users/asus/My project
C:/Users/asus/My project
Using Asset Import Pipeline V2.
Refreshing native plugins compatible for Editor in 346.87 ms, found 3 plugins.
Preloading 0 native plugins for Editor in 0.00 ms.
Initialize engine version: 2020.3.19f1 (68f137dc9bbe)
[Subsystems] Discovering subsystems at path C:/Program Files/Unity/Hub/Editor/2020.3.19f1/Editor/Data/Resources/UnitySubsystems
[Subsystems] Discovering subsystems at path C:/Users/asus/My project/Assets
GfxDevice: creating device client; threaded=0
Direct3D:
    Version:  Direct3D 11.0 [level 11.1]
    Renderer: Intel(R) HD Graphics (ID=0x22b1)
    Vendor:   
    VRAM:     1993 MB
    Driver:   20.19.15.5107
Initialize mono
Mono path[0] = 'C:/Program Files/Unity/Hub/Editor/2020.3.19f1/Editor/Data/Managed'
Mono path[1] = 'C:/Program Files/Unity/Hub/Editor/2020.3.19f1/Editor/Data/MonoBleedingEdge/lib/mono/unityjit'
Mono config path = 'C:/Program Files/Unity/Hub/Editor/2020.3.19f1/Editor/Data/MonoBleedingEdge/etc'
Using monoOptions --debugger-agent=transport=dt_socket,embedding=1,server=y,suspend=n,address=127.0.0.1:56464
Begin MonoManager ReloadAssembly
Registering precompiled unity dll's ...
Register platform support module: C:/Program Files/Unity/Hub/Editor/2020.3.19f1/Editor/Data/PlaybackEngines/WindowsStandaloneSupport/UnityEditor.WindowsStandalone.Extensions.dll
Registered in 0.014236 seconds.
Native extension for WindowsStandalone target not found
Refreshing native plugins compatible for Editor in 225.37 ms, found 3 plugins.
Preloading 0 native plugins for Editor in 0.00 ms.
Mono: successfully reloaded assembly
- Completed reload, in 11.877 seconds
Domain Reload Profiling:
	ReloadAssembly (11878ms)
		BeginReloadAssembly (311ms)
			ExecutionOrderSort (0ms)
			DisableScriptedObjects (0ms)
			BackupInstance (0ms)
			ReleaseScriptingObjects (0ms)
			CreateAndSetChildDomain (3ms)
		EndReloadAssembly (2204ms)
			LoadAssemblies (298ms)
			RebuildTransferFunctionScriptingTraits (1ms)
			SetupTypeCache (866ms)
			ReleaseScriptCaches (0ms)
			RebuildScriptCaches (158ms)
			SetupLoadedEditorAssemblies (859ms)
				LogAssemblyErrors (0ms)
				InitializePlatformSupportModulesInManaged (20ms)
				SetLoadedEditorAssemblies (1ms)
				RefreshPlugins (226ms)
				BeforeProcessingInitializeOnLoad (58ms)
				ProcessInitializeOnLoadAttributes (405ms)
				ProcessInitializeOnLoadMethodAttributes (148ms)
				AfterProcessingInitializeOnLoad (0ms)
				EditorAssembliesLoaded (1ms)
			ExecutionOrderSort2 (0ms)
			AwakeInstancesAfterBackupRestoration (0ms)
Platform modules already initialized, skipping
Registering precompiled user dll's ...
Registered in 0.021236 seconds.
Begin MonoManager ReloadAssembly
Native extension for WindowsStandalone target not found
Refreshing native plugins compatible for Editor in 225.56 ms, found 3 plugins.
Preloading 0 native plugins for Editor in 0.00 ms.
Mono: successfully reloaded assembly
- Completed reload, in  6.137 seconds
Domain Reload Profiling:
	ReloadAssembly (6142ms)
		BeginReloadAssembly (801ms)
			ExecutionOrderSort (0ms)
			DisableScriptedObjects (26ms)
			BackupInstance (0ms)
			ReleaseScriptingObjects (0ms)
			CreateAndSetChildDomain (72ms)
		EndReloadAssembly (4989ms)
			LoadAssemblies (663ms)
			RebuildTransferFunctionScriptingTraits (0ms)
			SetupTypeCache (1675ms)
			ReleaseScriptCaches (1ms)
			RebuildScriptCaches (266ms)
			SetupLoadedEditorAssemblies (1758ms)
				LogAssemblyErrors (0ms)
				InitializePlatformSupportModulesInManaged (18ms)
				SetLoadedEditorAssemblies (1ms)
				RefreshPlugins (226ms)
				BeforeProcessingInitializeOnLoad (371ms)
				ProcessInitializeOnLoadAttributes (1022ms)
				ProcessInitializeOnLoadMethodAttributes (80ms)
				AfterProcessingInitializeOnLoad (40ms)
				EditorAssembliesLoaded (1ms)
			ExecutionOrderSort2 (0ms)
			AwakeInstancesAfterBackupRestoration (33ms)
Platform modules already initialized, skipping
========================================================================
Worker process is ready to serve import requests
Launched and connected shader compiler UnityShaderCompiler.exe after 0.29 seconds
Refreshing native plugins compatible for Editor in 2.22 ms, found 3 plugins.
Preloading 0 native plugins for Editor in 0.00 ms.
Unloading 2109 Unused Serialized files (Serialized files now loaded: 0)
System memory in use before: 167.1 MB.
System memory in use after: 167.1 MB.

Unloading 26 unused Assets to reduce memory usage. Loaded Objects now: 2551.
Total: 13.612200 ms (FindLiveObjects: 0.940300 ms CreateObjectMapping: 0.307700 ms MarkObjects: 11.999100 ms  DeleteObjects: 0.359700 ms)

AssetImportParameters requested are different than current active one (requested -> active):
  custom:framework-win-MediaFoundation: 216162199b28c13a410421893ffa2e32 -> 
  custom:video-decoder-ogg-theora: a1e56fd34408186e4bbccfd4996cb3dc -> 
  custom:container-muxer-webm: aa71ff27fc2769a1b78a27578f13a17b -> 
  custom:container-demuxer-webm: 4f35f7cbe854078d1ac9338744f61a02 -> 
  custom:container-demuxer-ogg: 62fdf1f143b41e24485cea50d1cbac27 -> 
  custom:video-encoder-webm-vp8: eb34c28f22e8b96e1ab97ce403110664 -> 
  custom:video-decoder-webm-vp8: 9c59270c3fd7afecdb556c50c9e8de78 -> 
  custom:audio-decoder-ogg-vorbis: bf7c407c2cedff20999df2af8eb42d56 -> 
  custom:audio-encoder-webm-vorbis: bf7c407c2cedff20999df2af8eb42d56 -> 
========================================================================
Received Import Request.
  path: Assets/RestartLevel.cs
  artifactKey: Guid(6affca23170d14e4faca47a14e804b26) Importer(815301076,1909f56bfc062723c751e8b465ee728b)
Start importing Assets/RestartLevel.cs using Guid(6affca23170d14e4faca47a14e804b26) Importer(815301076,1909f56bfc062723c751e8b465ee728b)  -> (artifact id: '1493b067dd4ded7d8e12957d0552f90a') in 0.231553 seconds 
  Import took 0.253101 seconds .

========================================================================
Received Prepare
Registering precompiled user dll's ...
Registered in 0.031620 seconds.
Begin MonoManager ReloadAssembly
Native extension for WindowsStandalone target not found
Refreshing native plugins compatible for Editor in 1.76 ms, found 3 plugins.
Preloading 0 native plugins for Editor in 0.00 ms.
Mono: successfully reloaded assembly
- Completed reload, in  5.094 seconds
Domain Reload Profiling:
	ReloadAssembly (5095ms)
		BeginReloadAssembly (497ms)
			ExecutionOrderSort (0ms)
			DisableScriptedObjects (31ms)
			BackupInstance (0ms)
			ReleaseScriptingObjects (0ms)
			CreateAndSetChildDomain (128ms)
		EndReloadAssembly (4260ms)
			LoadAssemblies (484ms)
			RebuildTransferFunctionScriptingTraits (0ms)
			SetupTypeCache (1575ms)
			ReleaseScriptCaches (4ms)
			RebuildScriptCaches (229ms)
			SetupLoadedEditorAssemblies (1424ms)
				LogAssemblyErrors (0ms)
				InitializePlatformSupportModulesInManaged (23ms)
				SetLoadedEditorAssemblies (2ms)
				RefreshPlugins (2ms)
				BeforeProcessingInitializeOnLoad (425ms)
				ProcessInitializeOnLoadAttributes (907ms)
				ProcessInitializeOnLoadMethodAttributes (27ms)
				AfterProcessingInitializeOnLoad (37ms)
				EditorAssembliesLoaded (1ms)
			ExecutionOrderSort2 (0ms)
			AwakeInstancesAfterBackupRestoration (52ms)
Platform modules already initialized, skipping
Refreshing native plugins compatible for Editor in 1.91 ms, found 3 plugins.
Preloading 0 native plugins for Editor in 0.00 ms.
Unloading 2086 Unused Serialized files (Serialized files now loaded: 0)
System memory in use before: 165.2 MB.
System memory in use after: 165.3 MB.

Unloading 14 unused Assets to reduce memory usage. Loaded Objects now: 2554.
Total: 12.584100 ms (FindLiveObjects: 0.819400 ms CreateObjectMapping: 0.266900 ms MarkObjects: 11.403900 ms  DeleteObjects: 0.088900 ms)

AssetImportParameters requested are different than current active one (requested -> active):
  custom:framework-win-MediaFoundation: 216162199b28c13a410421893ffa2e32 -> 
  custom:video-decoder-ogg-theora: a1e56fd34408186e4bbccfd4996cb3dc -> 
  custom:container-muxer-webm: aa71ff27fc2769a1b78a27578f13a17b -> 
  custom:container-demuxer-webm: 4f35f7cbe854078d1ac9338744f61a02 -> 
  custom:container-demuxer-ogg: 62fdf1f143b41e24485cea50d1cbac27 -> 
  custom:video-encoder-webm-vp8: eb34c28f22e8b96e1ab97ce403110664 -> 
  custom:video-decoder-webm-vp8: 9c59270c3fd7afecdb556c50c9e8de78 -> 
  custom:audio-decoder-ogg-vorbis: bf7c407c2cedff20999df2af8eb42d56 -> 
  custom:audio-encoder-webm-vorbis: bf7c407c2cedff20999df2af8eb42d56 -> 
========================================================================
Received Import Request.
  Time since last request: 984.434492 seconds.
  path: Assets/RestartLevel.cs
  artifactKey: Guid(6affca23170d14e4faca47a14e804b26) Importer(815301076,1909f56bfc062723c751e8b465ee728b)
Start importing Assets/RestartLevel.cs using Guid(6affca23170d14e4faca47a14e804b26) Importer(815301076,1909f56bfc062723c751e8b465ee728b)  -> (artifact id: '68fb8da633ef330b5faddefb2b14db33') in 0.024469 seconds 
  Import took 0.038447 seconds .

========================================================================
Received Prepare
Registering precompiled user dll's ...
Registered in 0.037449 seconds.
Begin MonoManager ReloadAssembly
Native extension for WindowsStandalone target not found
Refreshing native plugins compatible for Editor in 2.01 ms, found 3 plugins.
Preloading 0 native plugins for Editor in 0.00 ms.
Mono: successfully reloaded assembly
- Completed reload, in  8.111 seconds
Domain Reload Profiling:
	ReloadAssembly (8169ms)
		BeginReloadAssembly (1825ms)
			ExecutionOrderSort (0ms)
			DisableScriptedObjects (243ms)
			BackupInstance (0ms)
			ReleaseScriptingObjects (2ms)
			CreateAndSetChildDomain (723ms)
		EndReloadAssembly (5913ms)
			LoadAssemblies (905ms)
			RebuildTransferFunctionScriptingTraits (0ms)
			SetupTypeCache (2370ms)
			ReleaseScriptCaches (5ms)
			RebuildScriptCaches (253ms)
			SetupLoadedEditorAssemblies (1884ms)
				LogAssemblyErrors (0ms)
				InitializePlatformSupportModulesInManaged (37ms)
				SetLoadedEditorAssemblies (2ms)
				RefreshPlugins (2ms)
				BeforeProcessingInitializeOnLoad (580ms)
				ProcessInitializeOnLoadAttributes (1182ms)
				ProcessInitializeOnLoadMethodAttributes (35ms)
				AfterProcessingInitializeOnLoad (44ms)
				EditorAssembliesLoaded (1ms)
			ExecutionOrderSort2 (0ms)
			AwakeInstancesAfterBackupRestoration (73ms)
Platform modules already initialized, skipping
Refreshing native plugins compatible for Editor in 3.98 ms, found 3 plugins.
Preloading 0 native plugins for Editor in 0.00 ms.
Unloading 2086 Unused Serialized files (Serialized files now loaded: 0)
System memory in use before: 165.3 MB.
System memory in use after: 165.4 MB.

Unloading 14 unused Assets to reduce memory usage. Loaded Objects now: 2557.
Total: 50.549300 ms (FindLiveObjects: 4.506100 ms CreateObjectMapping: 0.613400 ms MarkObjects: 45.312200 ms  DeleteObjects: 0.110600 ms)

AssetImportParameters requested are different than current active one (requested -> active):
  custom:framework-win-MediaFoundation: 216162199b28c13a410421893ffa2e32 -> 
  custom:video-decoder-ogg-theora: a1e56fd34408186e4bbccfd4996cb3dc -> 
  custom:container-muxer-webm: aa71ff27fc2769a1b78a27578f13a17b -> 
  custom:container-demuxer-webm: 4f35f7cbe854078d1ac9338744f61a02 -> 
  custom:container-demuxer-ogg: 62fdf1f143b41e24485cea50d1cbac27 -> 
  custom:video-encoder-webm-vp8: eb34c28f22e8b96e1ab97ce403110664 -> 
  custom:video-decoder-webm-vp8: 9c59270c3fd7afecdb556c50c9e8de78 -> 
  custom:audio-decoder-ogg-vorbis: bf7c407c2cedff20999df2af8eb42d56 -> 
  custom:audio-encoder-webm-vorbis: bf7c407c2cedff20999df2af8eb42d56 -> 
========================================================================
Received Prepare
Registering precompiled user dll's ...
Registered in 0.034078 seconds.
Begin MonoManager ReloadAssembly
Native extension for WindowsStandalone target not found
Refreshing native plugins compatible for Editor in 1.73 ms, found 3 plugins.
Preloading 0 native plugins for Editor in 0.00 ms.
Mono: successfully reloaded assembly
- Completed reload, in  5.127 seconds
Domain Reload Profiling:
	ReloadAssembly (5129ms)
		BeginReloadAssembly (497ms)
			ExecutionOrderSort (0ms)
			DisableScriptedObjects (33ms)
			BackupInstance (0ms)
			ReleaseScriptingObjects (0ms)
			CreateAndSetChildDomain (131ms)
		EndReloadAssembly (4291ms)
			LoadAssemblies (501ms)
			RebuildTransferFunctionScriptingTraits (0ms)
			SetupTypeCache (1569ms)
			ReleaseScriptCaches (3ms)
			RebuildScriptCaches (232ms)
			SetupLoadedEditorAssemblies (1428ms)
				LogAssemblyErrors (0ms)
				InitializePlatformSupportModulesInManaged (23ms)
				SetLoadedEditorAssemblies (2ms)
				RefreshPlugins (2ms)
				BeforeProcessingInitializeOnLoad (433ms)
				ProcessInitializeOnLoadAttributes (903ms)
				ProcessInitializeOnLoadMethodAttributes (27ms)
				AfterProcessingInitializeOnLoad (38ms)
				EditorAssembliesLoaded (1ms)
			ExecutionOrderSort2 (0ms)
			AwakeInstancesAfterBackupRestoration (49ms)
Platform modules already initialized, skipping
Refreshing native plugins compatible for Editor in 13.21 ms, found 3 plugins.
Preloading 0 native plugins for Editor in 0.00 ms.
Unloading 2086 Unused Serialized files (Serialized files now loaded: 0)
System memory in use before: 165.3 MB.
System memory in use after: 165.4 MB.

Unloading 14 unused Assets to reduce memory usage. Loaded Objects now: 2560.
Total: 14.130100 ms (FindLiveObjects: 2.081700 ms CreateObjectMapping: 0.395800 ms MarkObjects: 11.532400 ms  DeleteObjects: 0.115500 ms)

AssetImportParameters requested are different than current active one (requested -> active):
  custom:framework-win-MediaFoundation: 216162199b28c13a410421893ffa2e32 -> 
  custom:video-decoder-ogg-theora: a1e56fd34408186e4bbccfd4996cb3dc -> 
  custom:container-muxer-webm: aa71ff27fc2769a1b78a27578f13a17b -> 
  custom:container-demuxer-webm: 4f35f7cbe854078d1ac9338744f61a02 -> 
  custom:container-demuxer-ogg: 62fdf1f143b41e24485cea50d1cbac27 -> 
  custom:video-encoder-webm-vp8: eb34c28f22e8b96e1ab97ce403110664 -> 
  custom:video-decoder-webm-vp8: 9c59270c3fd7afecdb556c50c9e8de78 -> 
  custom:audio-decoder-ogg-vorbis: bf7c407c2cedff20999df2af8eb42d56 -> 
  custom:audio-encoder-webm-vorbis: bf7c407c2cedff20999df2af8eb42d56 -> 
========================================================================
Received Import Request.
  Time since last request: 916.048942 seconds.
  path: Assets/Scripts
  artifactKey: Guid(733840d980cd1604f9157425a2620da1) Importer(815301076,1909f56bfc062723c751e8b465ee728b)
Start importing Assets/Scripts using Guid(733840d980cd1604f9157425a2620da1) Importer(815301076,1909f56bfc062723c751e8b465ee728b)  -> (artifact id: 'a8db72df90babec19336a5f0a1081543') in 0.046434 seconds 
  Import took 0.061547 seconds .

========================================================================
Received Import Request.
  Time since last request: 1.610599 seconds.
  path: Assets/obstacle.cs
  artifactKey: Guid(e4cff71173534884fb6107c923bad248) Importer(815301076,1909f56bfc062723c751e8b465ee728b)
Start importing Assets/obstacle.cs using Guid(e4cff71173534884fb6107c923bad248) Importer(815301076,1909f56bfc062723c751e8b465ee728b)  -> (artifact id: '1422e60331547635d37d93b21259b0d7') in 0.038559 seconds 
  Import took 0.055945 seconds .

========================================================================
Received Import Request.
  Time since last request: 0.890940 seconds.
  path: Assets/PlayerController.cs
  artifactKey: Guid(5fceb69679217ca4e9175eeb0476db3a) Importer(815301076,1909f56bfc062723c751e8b465ee728b)
Start importing Assets/PlayerController.cs using Guid(5fceb69679217ca4e9175eeb0476db3a) Importer(815301076,1909f56bfc062723c751e8b465ee728b)  -> (artifact id: '0aecad1e3acf24e05722f88e3acc5341') in 0.032623 seconds 
  Import took 0.044630 seconds .

========================================================================
Received Prepare
Registering precompiled user dll's ...
Registered in 0.022912 seconds.
Begin MonoManager ReloadAssembly
Native extension for WindowsStandalone target not found
Refreshing native plugins compatible for Editor in 1.86 ms, found 3 plugins.
Preloading 0 native plugins for Editor in 0.00 ms.
Mono: successfully reloaded assembly
- Completed reload, in  5.543 seconds
Domain Reload Profiling:
	ReloadAssembly (5545ms)
		BeginReloadAssembly (534ms)
			ExecutionOrderSort (0ms)
			DisableScriptedObjects (33ms)
			BackupInstance (0ms)
			ReleaseScriptingObjects (0ms)
			CreateAndSetChildDomain (147ms)
		EndReloadAssembly (4642ms)
			LoadAssemblies (513ms)
			RebuildTransferFunctionScriptingTraits (0ms)
			SetupTypeCache (1675ms)
			ReleaseScriptCaches (4ms)
			RebuildScriptCaches (320ms)
			SetupLoadedEditorAssemblies (1495ms)
				LogAssemblyErrors (0ms)
				InitializePlatformSupportModulesInManaged (28ms)
				SetLoadedEditorAssemblies (2ms)
				RefreshPlugins (2ms)
				BeforeProcessingInitializeOnLoad (438ms)
				ProcessInitializeOnLoadAttributes (956ms)
				ProcessInitializeOnLoadMethodAttributes (30ms)
				AfterProcessingInitializeOnLoad (38ms)
				EditorAssembliesLoaded (1ms)
			ExecutionOrderSort2 (0ms)
			AwakeInstancesAfterBackupRestoration (55ms)
Platform modules already initialized, skipping
Refreshing native plugins compatible for Editor in 1.88 ms, found 3 plugins.
Preloading 0 native plugins for Editor in 0.00 ms.
Unloading 2086 Unused Serialized files (Serialized files now loaded: 0)
System memory in use before: 165.3 MB.
System memory in use after: 165.4 MB.

Unloading 14 unused Assets to reduce memory usage. Loaded Objects now: 2563.
Total: 17.920400 ms (FindLiveObjects: 0.829200 ms CreateObjectMapping: 0.263700 ms MarkObjects: 13.501900 ms  DeleteObjects: 3.320100 ms)

AssetImportParameters requested are different than current active one (requested -> active):
  custom:framework-win-MediaFoundation: 216162199b28c13a410421893ffa2e32 -> 
  custom:video-decoder-ogg-theora: a1e56fd34408186e4bbccfd4996cb3dc -> 
  custom:container-muxer-webm: aa71ff27fc2769a1b78a27578f13a17b -> 
  custom:container-demuxer-webm: 4f35f7cbe854078d1ac9338744f61a02 -> 
  custom:container-demuxer-ogg: 62fdf1f143b41e24485cea50d1cbac27 -> 
  custom:video-encoder-webm-vp8: eb34c28f22e8b96e1ab97ce403110664 -> 
  custom:video-decoder-webm-vp8: 9c59270c3fd7afecdb556c50c9e8de78 -> 
  custom:audio-decoder-ogg-vorbis: bf7c407c2cedff20999df2af8eb42d56 -> 
  custom:audio-encoder-webm-vorbis: bf7c407c2cedff20999df2af8eb42d56 -> 
========================================================================
Received Import Request.
  Time since last request: 29.946509 seconds.
  path: Assets/obstacles
  artifactKey: Guid(13b51cf08907c814d8933af28d2e7297) Importer(815301076,1909f56bfc062723c751e8b465ee728b)
Start importing Assets/obstacles using Guid(13b51cf08907c814d8933af28d2e7297) Importer(815301076,1909f56bfc062723c751e8b465ee728b)  -> (artifact id: '2ae315a1e110c9d117daa8bc5622936c') in 0.040595 seconds 
  Import took 0.053183 seconds .

========================================================================
Received Import Request.
  Time since last request: 7.913202 seconds.
  path: Assets/obstacles/Square 2.prefab
  artifactKey: Guid(210e4a52bc37d25479dbaab8c4595939) Importer(815301076,1909f56bfc062723c751e8b465ee728b)
Start importing Assets/obstacles/Square 2.prefab using Guid(210e4a52bc37d25479dbaab8c4595939) Importer(815301076,1909f56bfc062723c751e8b465ee728b)  -> (artifact id: '983575560845896c27712a4ad2e7e3de') in 1.892573 seconds 
  Import took 1.936189 seconds .

========================================================================
Received Import Request.
  Time since last request: 5.064617 seconds.
  path: Assets/obstacles/Square 2.prefab
  artifactKey: Guid(470a51dbd45011a47a2bf2dfa00900bb) Importer(815301076,1909f56bfc062723c751e8b465ee728b)
Start importing Assets/obstacles/Square 2.prefab using Guid(470a51dbd45011a47a2bf2dfa00900bb) Importer(815301076,1909f56bfc062723c751e8b465ee728b)  -> (artifact id: 'a7752d5f624d36c5323dbf7ed92b0b3d') in 0.307402 seconds 
  Import took 0.330577 seconds .

========================================================================
Received Import Request.
  Time since last request: 7.029475 seconds.
  path: Assets/obstacles/Square 2.prefab
  artifactKey: Guid(470a51dbd45011a47a2bf2dfa00900bb) Importer(815301076,1909f56bfc062723c751e8b465ee728b)
Start importing Assets/obstacles/Square 2.prefab using Guid(470a51dbd45011a47a2bf2dfa00900bb) Importer(815301076,1909f56bfc062723c751e8b465ee728b)  -> (artifact id: '4534af6fa0dfac26ca0b0255c09484b9') in 0.090510 seconds 
  Import took 0.116331 seconds .

========================================================================
Received Import Request.
  Time since last request: 1.997616 seconds.
  path: Assets/obstacles/Square 2.prefab
  artifactKey: Guid(470a51dbd45011a47a2bf2dfa00900bb) Importer(815301076,1909f56bfc062723c751e8b465ee728b)
Start importing Assets/obstacles/Square 2.prefab using Guid(470a51dbd45011a47a2bf2dfa00900bb) Importer(815301076,1909f56bfc062723c751e8b465ee728b)  -> (artifact id: 'ba94474c2dab0cefe135ee8e20527164') in 0.085282 seconds 
  Import took 0.107674 seconds .

========================================================================
Received Import Request.
  Time since last request: 11.892895 seconds.
  path: Assets/obstacles/Square 2.prefab
  artifactKey: Guid(470a51dbd45011a47a2bf2dfa00900bb) Importer(815301076,1909f56bfc062723c751e8b465ee728b)
Start importing Assets/obstacles/Square 2.prefab using Guid(470a51dbd45011a47a2bf2dfa00900bb) Importer(815301076,1909f56bfc062723c751e8b465ee728b)  -> (artifact id: '805f63537753a698dba717c3ba0070ba') in 0.080121 seconds 
  Import took 0.097121 seconds .

========================================================================
Received Import Request.
  Time since last request: 1.681294 seconds.
  path: Assets/obstacles/Square 2.prefab
  artifactKey: Guid(470a51dbd45011a47a2bf2dfa00900bb) Importer(815301076,1909f56bfc062723c751e8b465ee728b)
Start importing Assets/obstacles/Square 2.prefab using Guid(470a51dbd45011a47a2bf2dfa00900bb) Importer(815301076,1909f56bfc062723c751e8b465ee728b)  -> (artifact id: '8ac032d2677d90a207324a105a88fb01') in 0.107456 seconds 
  Import took 0.126703 seconds .

========================================================================
Received Import Request.
  Time since last request: 2.240084 seconds.
  path: Assets/obstacles/Square 2.prefab
  artifactKey: Guid(470a51dbd45011a47a2bf2dfa00900bb) Importer(815301076,1909f56bfc062723c751e8b465ee728b)
Start importing Assets/obstacles/Square 2.prefab using Guid(470a51dbd45011a47a2bf2dfa00900bb) Importer(815301076,1909f56bfc062723c751e8b465ee728b)  -> (artifact id: '90884fae126066d3291e39251258d63b') in 0.102941 seconds 
  Import took 0.147514 seconds .

========================================================================
Received Import Request.
  Time since last request: 2.917763 seconds.
  path: Assets/obstacles/Square 2.prefab
  artifactKey: Guid(470a51dbd45011a47a2bf2dfa00900bb) Importer(815301076,1909f56bfc062723c751e8b465ee728b)
Start importing Assets/obstacles/Square 2.prefab using Guid(470a51dbd45011a47a2bf2dfa00900bb) Importer(815301076,1909f56bfc062723c751e8b465ee728b)  -> (artifact id: 'b785810b2779527b230c8ee3d7234038') in 0.066231 seconds 
  Import took 0.081613 seconds .

========================================================================
Received Import Request.
  Time since last request: 2.264326 seconds.
  path: Assets/obstacles/Square 3.prefab
  artifactKey: Guid(af4869881abaee64599cd776512e4d6f) Importer(815301076,1909f56bfc062723c751e8b465ee728b)
Start importing Assets/obstacles/Square 3.prefab using Guid(af4869881abaee64599cd776512e4d6f) Importer(815301076,1909f56bfc062723c751e8b465ee728b)  -> (artifact id: '059f69399fbf66edcecc4e21560d0cbd') in 0.073750 seconds 
  Import took 0.090185 seconds .

========================================================================
Received Import Request.
  Time since last request: 5.587885 seconds.
  path: Assets/obstacles/Square 3.prefab
  artifactKey: Guid(af4869881abaee64599cd776512e4d6f) Importer(815301076,1909f56bfc062723c751e8b465ee728b)
Start importing Assets/obstacles/Square 3.prefab using Guid(af4869881abaee64599cd776512e4d6f) Importer(815301076,1909f56bfc062723c751e8b465ee728b)  -> (artifact id: '89cf56adc84ae3b1f82bad61f98a5d39') in 0.071633 seconds 
  Import took 0.090578 seconds .

========================================================================
Received Import Request.
  Time since last request: 4.769295 seconds.
  path: Assets/obstacles/Square 3.prefab
  artifactKey: Guid(af4869881abaee64599cd776512e4d6f) Importer(815301076,1909f56bfc062723c751e8b465ee728b)
Start importing Assets/obstacles/Square 3.prefab using Guid(af4869881abaee64599cd776512e4d6f) Importer(815301076,1909f56bfc062723c751e8b465ee728b)  -> (artifact id: '4c40c8577f7b33e628b498b30dd9d733') in 0.077422 seconds 
  Import took 0.092459 seconds .

========================================================================
Received Import Request.
  Time since last request: 7.254075 seconds.
  path: Assets/obstacles/Square 3.prefab
  artifactKey: Guid(af4869881abaee64599cd776512e4d6f) Importer(815301076,1909f56bfc062723c751e8b465ee728b)
Start importing Assets/obstacles/Square 3.prefab using Guid(af4869881abaee64599cd776512e4d6f) Importer(815301076,1909f56bfc062723c751e8b465ee728b)  -> (artifact id: '6fe7f5e592693b76f8d313deaa26776e') in 0.066946 seconds 
  Import took 0.081300 seconds .

========================================================================
Received Import Request.
  Time since last request: 2.762521 seconds.
  path: Assets/obstacles/Square 3.prefab
  artifactKey: Guid(af4869881abaee64599cd776512e4d6f) Importer(815301076,1909f56bfc062723c751e8b465ee728b)
Start importing Assets/obstacles/Square 3.prefab using Guid(af4869881abaee64599cd776512e4d6f) Importer(815301076,1909f56bfc062723c751e8b465ee728b)  -> (artifact id: '11b8a4403619e2eca53f6eff212f8905') in 0.061697 seconds 
  Import took 0.076653 seconds .

========================================================================
Received Prepare
Registering precompiled user dll's ...
Registered in 0.033145 seconds.
Begin MonoManager ReloadAssembly
Native extension for WindowsStandalone target not found
Refreshing native plugins compatible for Editor in 1.72 ms, found 3 plugins.
Preloading 0 native plugins for Editor in 0.00 ms.
Mono: successfully reloaded assembly
- Completed reload, in  5.304 seconds
Domain Reload Profiling:
	ReloadAssembly (5306ms)
		BeginReloadAssembly (510ms)
			ExecutionOrderSort (0ms)
			DisableScriptedObjects (38ms)
			BackupInstance (0ms)
			ReleaseScriptingObjects (0ms)
			CreateAndSetChildDomain (133ms)
		EndReloadAssembly (4451ms)
			LoadAssemblies (503ms)
			RebuildTransferFunctionScriptingTraits (0ms)
			SetupTypeCache (1640ms)
			ReleaseScriptCaches (3ms)
			RebuildScriptCaches (242ms)
			SetupLoadedEditorAssemblies (1515ms)
				LogAssemblyErrors (0ms)
				InitializePlatformSupportModulesInManaged (25ms)
				SetLoadedEditorAssemblies (3ms)
				RefreshPlugins (2ms)
				BeforeProcessingInitializeOnLoad (476ms)
				ProcessInitializeOnLoadAttributes (942ms)
				ProcessInitializeOnLoadMethodAttributes (28ms)
				AfterProcessingInitializeOnLoad (40ms)
				EditorAssembliesLoaded (1ms)
			ExecutionOrderSort2 (0ms)
			AwakeInstancesAfterBackupRestoration (56ms)
Platform modules already initialized, skipping
Refreshing native plugins compatible for Editor in 1.76 ms, found 3 plugins.
Preloading 0 native plugins for Editor in 0.00 ms.
Unloading 2086 Unused Serialized files (Serialized files now loaded: 0)
System memory in use before: 168.3 MB.
System memory in use after: 168.4 MB.

Unloading 14 unused Assets to reduce memory usage. Loaded Objects now: 2573.
Total: 14.478100 ms (FindLiveObjects: 1.434200 ms CreateObjectMapping: 0.643100 ms MarkObjects: 12.308700 ms  DeleteObjects: 0.084900 ms)

AssetImportParameters requested are different than current active one (requested -> active):
  custom:framework-win-MediaFoundation: 216162199b28c13a410421893ffa2e32 -> 
  custom:video-decoder-ogg-theora: a1e56fd34408186e4bbccfd4996cb3dc -> 
  custom:container-muxer-webm: aa71ff27fc2769a1b78a27578f13a17b -> 
  custom:container-demuxer-webm: 4f35f7cbe854078d1ac9338744f61a02 -> 
  custom:container-demuxer-ogg: 62fdf1f143b41e24485cea50d1cbac27 -> 
  custom:video-encoder-webm-vp8: eb34c28f22e8b96e1ab97ce403110664 -> 
  custom:video-decoder-webm-vp8: 9c59270c3fd7afecdb556c50c9e8de78 -> 
  custom:audio-decoder-ogg-vorbis: bf7c407c2cedff20999df2af8eb42d56 -> 
  custom:audio-encoder-webm-vorbis: bf7c407c2cedff20999df2af8eb42d56 -> 
========================================================================
Received Import Request.
  Time since last request: 250.861867 seconds.
  path: Assets/Scripts/spawnController.cs
  artifactKey: Guid(6d8d5f18406a3dc4b8f104028ea88507) Importer(815301076,1909f56bfc062723c751e8b465ee728b)
Start importing Assets/Scripts/spawnController.cs using Guid(6d8d5f18406a3dc4b8f104028ea88507) Importer(815301076,1909f56bfc062723c751e8b465ee728b)  -> (artifact id: '5ec0077a6b943627b6b37b01d9a62996') in 0.037402 seconds 
  Import took 0.050331 seconds .

========================================================================
Received Import Request.
  Time since last request: 87.734491 seconds.
  path: Assets/obstacles/Square 0.prefab
  artifactKey: Guid(6dd3b6998e30ef442b75545dd1a99def) Importer(815301076,1909f56bfc062723c751e8b465ee728b)
Start importing Assets/obstacles/Square 0.prefab using Guid(6dd3b6998e30ef442b75545dd1a99def) Importer(815301076,1909f56bfc062723c751e8b465ee728b)  -> (artifact id: '9f1ed39e4eaaebc5ebedd75647f33875') in 0.310382 seconds 
  Import took 0.323905 seconds .

========================================================================
Received Prepare
Registering precompiled user dll's ...
Registered in 0.025924 seconds.
Begin MonoManager ReloadAssembly
Native extension for WindowsStandalone target not found
Refreshing native plugins compatible for Editor in 1.88 ms, found 3 plugins.
Preloading 0 native plugins for Editor in 0.00 ms.
Mono: successfully reloaded assembly
- Completed reload, in  6.191 seconds
Domain Reload Profiling:
	ReloadAssembly (6193ms)
		BeginReloadAssembly (626ms)
			ExecutionOrderSort (0ms)
			DisableScriptedObjects (37ms)
			BackupInstance (0ms)
			ReleaseScriptingObjects (0ms)
			CreateAndSetChildDomain (161ms)
		EndReloadAssembly (5142ms)
			LoadAssemblies (630ms)
			RebuildTransferFunctionScriptingTraits (0ms)
			SetupTypeCache (1767ms)
			ReleaseScriptCaches (3ms)
			RebuildScriptCaches (263ms)
			SetupLoadedEditorAssemblies (1834ms)
				LogAssemblyErrors (0ms)
				InitializePlatformSupportModulesInManaged (30ms)
				SetLoadedEditorAssemblies (4ms)
				RefreshPlugins (2ms)
				BeforeProcessingInitializeOnLoad (536ms)
				ProcessInitializeOnLoadAttributes (1168ms)
				ProcessInitializeOnLoadMethodAttributes (36ms)
				AfterProcessingInitializeOnLoad (59ms)
				EditorAssembliesLoaded (1ms)
			ExecutionOrderSort2 (0ms)
			AwakeInstancesAfterBackupRestoration (58ms)
Platform modules already initialized, skipping
Refreshing native plugins compatible for Editor in 1.79 ms, found 3 plugins.
Preloading 0 native plugins for Editor in 0.00 ms.
Unloading 2086 Unused Serialized files (Serialized files now loaded: 0)
System memory in use before: 168.3 MB.
System memory in use after: 168.4 MB.

Unloading 14 unused Assets to reduce memory usage. Loaded Objects now: 2577.
Total: 13.745500 ms (FindLiveObjects: 0.974800 ms CreateObjectMapping: 0.330800 ms MarkObjects: 12.352600 ms  DeleteObjects: 0.082300 ms)

AssetImportParameters requested are different than current active one (requested -> active):
  custom:framework-win-MediaFoundation: 216162199b28c13a410421893ffa2e32 -> 
  custom:video-decoder-ogg-theora: a1e56fd34408186e4bbccfd4996cb3dc -> 
  custom:container-muxer-webm: aa71ff27fc2769a1b78a27578f13a17b -> 
  custom:container-demuxer-webm: 4f35f7cbe854078d1ac9338744f61a02 -> 
  custom:container-demuxer-ogg: 62fdf1f143b41e24485cea50d1cbac27 -> 
  custom:video-encoder-webm-vp8: eb34c28f22e8b96e1ab97ce403110664 -> 
  custom:video-decoder-webm-vp8: 9c59270c3fd7afecdb556c50c9e8de78 -> 
  custom:audio-decoder-ogg-vorbis: bf7c407c2cedff20999df2af8eb42d56 -> 
  custom:audio-encoder-webm-vorbis: bf7c407c2cedff20999df2af8eb42d56 -> 
========================================================================
Received Import Request.
  Time since last request: 82.285839 seconds.
  path: Assets/obstacles/Square 2.prefab
  artifactKey: Guid(470a51dbd45011a47a2bf2dfa00900bb) Importer(815301076,1909f56bfc062723c751e8b465ee728b)
Start importing Assets/obstacles/Square 2.prefab using Guid(470a51dbd45011a47a2bf2dfa00900bb) Importer(815301076,1909f56bfc062723c751e8b465ee728b)  -> (artifact id: 'cd1f66bf2a886c370a3ae0a48eb1b8b8') in 0.319063 seconds 
  Import took 0.334198 seconds .

========================================================================
Received Import Request.
  Time since last request: 16.614442 seconds.
  path: Assets/obstacles/Square 3.prefab
  artifactKey: Guid(af4869881abaee64599cd776512e4d6f) Importer(815301076,1909f56bfc062723c751e8b465ee728b)
Start importing Assets/obstacles/Square 3.prefab using Guid(af4869881abaee64599cd776512e4d6f) Importer(815301076,1909f56bfc062723c751e8b465ee728b)  -> (artifact id: '04c1c2d704b528a86b3d8d25052ee54f') in 0.081079 seconds 
  Import took 0.097214 seconds .

========================================================================
Received Import Request.
  Time since last request: 15.771482 seconds.
  path: Assets/obstacles/Square 3.prefab
  artifactKey: Guid(af4869881abaee64599cd776512e4d6f) Importer(815301076,1909f56bfc062723c751e8b465ee728b)
Start importing Assets/obstacles/Square 3.prefab using Guid(af4869881abaee64599cd776512e4d6f) Importer(815301076,1909f56bfc062723c751e8b465ee728b)  -> (artifact id: 'fd824a2c084e2cee3331f456154ccc60') in 0.067053 seconds 
  Import took 0.080832 seconds .

========================================================================
Received Import Request.
  Time since last request: 10.307500 seconds.
  path: Assets/obstacles/Square 3.prefab
  artifactKey: Guid(af4869881abaee64599cd776512e4d6f) Importer(815301076,1909f56bfc062723c751e8b465ee728b)
Start importing Assets/obstacles/Square 3.prefab using Guid(af4869881abaee64599cd776512e4d6f) Importer(815301076,1909f56bfc062723c751e8b465ee728b)  -> (artifact id: '738b3ecaeaa662ae6a3c0768b0c8b40d') in 0.072597 seconds 
  Import took 0.092674 seconds .

========================================================================
Received Import Request.
  Time since last request: 3.080159 seconds.
  path: Assets/obstacles/Square 3.prefab
  artifactKey: Guid(af4869881abaee64599cd776512e4d6f) Importer(815301076,1909f56bfc062723c751e8b465ee728b)
Start importing Assets/obstacles/Square 3.prefab using Guid(af4869881abaee64599cd776512e4d6f) Importer(815301076,1909f56bfc062723c751e8b465ee728b)  -> (artifact id: '533b302ba5c6fedc4bd9f6aacff127e7') in 0.068614 seconds 
  Import took 0.083599 seconds .

========================================================================
Received Import Request.
  Time since last request: 3.966254 seconds.
  path: Assets/obstacles/Square 3.prefab
  artifactKey: Guid(af4869881abaee64599cd776512e4d6f) Importer(815301076,1909f56bfc062723c751e8b465ee728b)
Start importing Assets/obstacles/Square 3.prefab using Guid(af4869881abaee64599cd776512e4d6f) Importer(815301076,1909f56bfc062723c751e8b465ee728b)  -> (artifact id: 'd1c5bd20bbd9141b7c6281b5d24006ba') in 0.069202 seconds 
  Import took 0.086542 seconds .

========================================================================
Received Import Request.
  Time since last request: 2.478512 seconds.
  path: Assets/obstacles/Square 3.prefab
  artifactKey: Guid(af4869881abaee64599cd776512e4d6f) Importer(815301076,1909f56bfc062723c751e8b465ee728b)
Start importing Assets/obstacles/Square 3.prefab using Guid(af4869881abaee64599cd776512e4d6f) Importer(815301076,1909f56bfc062723c751e8b465ee728b)  -> (artifact id: 'ea0c900981c2a9c38d046482f8bc16cb') in 0.069768 seconds 
  Import took 0.085409 seconds .

========================================================================
Received Import Request.
  Time since last request: 3.389677 seconds.
  path: Assets/obstacles/Square 3.prefab
  artifactKey: Guid(af4869881abaee64599cd776512e4d6f) Importer(815301076,1909f56bfc062723c751e8b465ee728b)
Start importing Assets/obstacles/Square 3.prefab using Guid(af4869881abaee64599cd776512e4d6f) Importer(815301076,1909f56bfc062723c751e8b465ee728b)  -> (artifact id: '6cb6162a33fdd177b5c8ff0ad6b07d7c') in 0.067288 seconds 
  Import took 0.082574 seconds .

========================================================================
Received Import Request.
  Time since last request: 4.813092 seconds.
  path: Assets/obstacles/Square 3.prefab
  artifactKey: Guid(af4869881abaee64599cd776512e4d6f) Importer(815301076,1909f56bfc062723c751e8b465ee728b)
Start importing Assets/obstacles/Square 3.prefab using Guid(af4869881abaee64599cd776512e4d6f) Importer(815301076,1909f56bfc062723c751e8b465ee728b)  -> (artifact id: 'b2d9d99412e4f18eabb48b06e784e844') in 0.068781 seconds 
  Import took 0.084952 seconds .

========================================================================
Received Import Request.
  Time since last request: 2.408903 seconds.
  path: Assets/obstacles/Square 3.prefab
  artifactKey: Guid(af4869881abaee64599cd776512e4d6f) Importer(815301076,1909f56bfc062723c751e8b465ee728b)
Start importing Assets/obstacles/Square 3.prefab using Guid(af4869881abaee64599cd776512e4d6f) Importer(815301076,1909f56bfc062723c751e8b465ee728b)  -> (artifact id: 'b07f95437e12c2ec1e5c9f8704e2f111') in 0.061684 seconds 
  Import took 0.076576 seconds .

========================================================================
Received Import Request.
  Time since last request: 1.340855 seconds.
  path: Assets/obstacles/Square 3.prefab
  artifactKey: Guid(af4869881abaee64599cd776512e4d6f) Importer(815301076,1909f56bfc062723c751e8b465ee728b)
Start importing Assets/obstacles/Square 3.prefab using Guid(af4869881abaee64599cd776512e4d6f) Importer(815301076,1909f56bfc062723c751e8b465ee728b)  -> (artifact id: '10bc1eba02c44ed35dac8091482a23b3') in 0.065750 seconds 
  Import took 0.080064 seconds .

========================================================================
Received Import Request.
  Time since last request: 2.235249 seconds.
  path: Assets/obstacles/Square 3.prefab
  artifactKey: Guid(af4869881abaee64599cd776512e4d6f) Importer(815301076,1909f56bfc062723c751e8b465ee728b)
Start importing Assets/obstacles/Square 3.prefab using Guid(af4869881abaee64599cd776512e4d6f) Importer(815301076,1909f56bfc062723c751e8b465ee728b)  -> (artifact id: 'b1918c9b14c45c4f335500facfc0e827') in 0.070638 seconds 
  Import took 0.087548 seconds .

========================================================================
Received Import Request.
  Time since last request: 8.941205 seconds.
  path: Assets/obstacles/Square 3.prefab
  artifactKey: Guid(af4869881abaee64599cd776512e4d6f) Importer(815301076,1909f56bfc062723c751e8b465ee728b)
Start importing Assets/obstacles/Square 3.prefab using Guid(af4869881abaee64599cd776512e4d6f) Importer(815301076,1909f56bfc062723c751e8b465ee728b)  -> (artifact id: '5fd02e06b105430f56d91c0a9d8e19b3') in 0.074133 seconds 
  Import took 0.094466 seconds .

========================================================================
Received Import Request.
  Time since last request: 3.580434 seconds.
  path: Assets/obstacles/Square 3.prefab
  artifactKey: Guid(af4869881abaee64599cd776512e4d6f) Importer(815301076,1909f56bfc062723c751e8b465ee728b)
Start importing Assets/obstacles/Square 3.prefab using Guid(af4869881abaee64599cd776512e4d6f) Importer(815301076,1909f56bfc062723c751e8b465ee728b)  -> (artifact id: '22a246b2158bca68d1ec1e3aca753cf2') in 0.073192 seconds 
  Import took 0.088259 seconds .

========================================================================
Received Import Request.
  Time since last request: 1.501603 seconds.
  path: Assets/obstacles/Square 3.prefab
  artifactKey: Guid(af4869881abaee64599cd776512e4d6f) Importer(815301076,1909f56bfc062723c751e8b465ee728b)
Start importing Assets/obstacles/Square 3.prefab using Guid(af4869881abaee64599cd776512e4d6f) Importer(815301076,1909f56bfc062723c751e8b465ee728b)  -> (artifact id: '80e168b83501c0593ec6c7f304525793') in 0.072305 seconds 
  Import took 0.087810 seconds .

========================================================================
Received Import Request.
  Time since last request: 3.019066 seconds.
  path: Assets/obstacles/Square 3.prefab
  artifactKey: Guid(af4869881abaee64599cd776512e4d6f) Importer(815301076,1909f56bfc062723c751e8b465ee728b)
Start importing Assets/obstacles/Square 3.prefab using Guid(af4869881abaee64599cd776512e4d6f) Importer(815301076,1909f56bfc062723c751e8b465ee728b)  -> (artifact id: 'bed40785a9e35b75aac6f208505e3850') in 0.073554 seconds 
  Import took 0.090376 seconds .

========================================================================
Received Import Request.
  Time since last request: 2.171358 seconds.
  path: Assets/obstacles/Square 3.prefab
  artifactKey: Guid(af4869881abaee64599cd776512e4d6f) Importer(815301076,1909f56bfc062723c751e8b465ee728b)
Start importing Assets/obstacles/Square 3.prefab using Guid(af4869881abaee64599cd776512e4d6f) Importer(815301076,1909f56bfc062723c751e8b465ee728b)  -> (artifact id: 'a47feafe63027974a7dc1a7aeb745bd6') in 0.055537 seconds 
  Import took 0.070199 seconds .

========================================================================
Received Import Request.
  Time since last request: 1.418230 seconds.
  path: Assets/obstacles/Square 3.prefab
  artifactKey: Guid(af4869881abaee64599cd776512e4d6f) Importer(815301076,1909f56bfc062723c751e8b465ee728b)
Start importing Assets/obstacles/Square 3.prefab using Guid(af4869881abaee64599cd776512e4d6f) Importer(815301076,1909f56bfc062723c751e8b465ee728b)  -> (artifact id: 'ba9603201d365b725dd2647fc01c809a') in 0.084785 seconds 
  Import took 0.103262 seconds .

========================================================================
Received Import Request.
  Time since last request: 2.636976 seconds.
  path: Assets/obstacles/Square 3.prefab
  artifactKey: Guid(af4869881abaee64599cd776512e4d6f) Importer(815301076,1909f56bfc062723c751e8b465ee728b)
Start importing Assets/obstacles/Square 3.prefab using Guid(af4869881abaee64599cd776512e4d6f) Importer(815301076,1909f56bfc062723c751e8b465ee728b)  -> (artifact id: '68384b3ade103a94d101d520cf2f45d3') in 0.070297 seconds 
  Import took 0.088167 seconds .

========================================================================
Received Import Request.
  Time since last request: 3.001572 seconds.
  path: Assets/obstacles/Square 3.prefab
  artifactKey: Guid(af4869881abaee64599cd776512e4d6f) Importer(815301076,1909f56bfc062723c751e8b465ee728b)
Start importing Assets/obstacles/Square 3.prefab using Guid(af4869881abaee64599cd776512e4d6f) Importer(815301076,1909f56bfc062723c751e8b465ee728b)  -> (artifact id: '91599f17126d4ee38732ecdeb6786554') in 0.069316 seconds 
  Import took 0.089918 seconds .

========================================================================
Received Import Request.
  Time since last request: 1.900395 seconds.
  path: Assets/obstacles/Square 3.prefab
  artifactKey: Guid(af4869881abaee64599cd776512e4d6f) Importer(815301076,1909f56bfc062723c751e8b465ee728b)
Start importing Assets/obstacles/Square 3.prefab using Guid(af4869881abaee64599cd776512e4d6f) Importer(815301076,1909f56bfc062723c751e8b465ee728b)  -> (artifact id: 'dfe0250f5236394fd87ad4489f32ce15') in 0.069106 seconds 
  Import took 0.086567 seconds .

========================================================================
Received Import Request.
  Time since last request: 1.894309 seconds.
  path: Assets/obstacles/Square 3.prefab
  artifactKey: Guid(af4869881abaee64599cd776512e4d6f) Importer(815301076,1909f56bfc062723c751e8b465ee728b)
Start importing Assets/obstacles/Square 3.prefab using Guid(af4869881abaee64599cd776512e4d6f) Importer(815301076,1909f56bfc062723c751e8b465ee728b)  -> (artifact id: '843f4a9978b16351da20183aa811445a') in 0.078396 seconds 
  Import took 0.096298 seconds .

========================================================================
Received Import Request.
  Time since last request: 1.907594 seconds.
  path: Assets/obstacles/Square 3.prefab
  artifactKey: Guid(af4869881abaee64599cd776512e4d6f) Importer(815301076,1909f56bfc062723c751e8b465ee728b)
Start importing Assets/obstacles/Square 3.prefab using Guid(af4869881abaee64599cd776512e4d6f) Importer(815301076,1909f56bfc062723c751e8b465ee728b)  -> (artifact id: '978a8bc8306267e583730b1f9162560d') in 0.072969 seconds 
  Import took 0.090055 seconds .

========================================================================
Received Import Request.
  Time since last request: 2.387152 seconds.
  path: Assets/obstacles/Square 3.prefab
  artifactKey: Guid(af4869881abaee64599cd776512e4d6f) Importer(815301076,1909f56bfc062723c751e8b465ee728b)
Start importing Assets/obstacles/Square 3.prefab using Guid(af4869881abaee64599cd776512e4d6f) Importer(815301076,1909f56bfc062723c751e8b465ee728b)  -> (artifact id: '2c48e3b5af152f402ab6b5d957003c6f') in 0.077875 seconds 
  Import took 0.100504 seconds .

========================================================================
Received Import Request.
  Time since last request: 3.006334 seconds.
  path: Assets/obstacles/Square 3.prefab
  artifactKey: Guid(af4869881abaee64599cd776512e4d6f) Importer(815301076,1909f56bfc062723c751e8b465ee728b)
Start importing Assets/obstacles/Square 3.prefab using Guid(af4869881abaee64599cd776512e4d6f) Importer(815301076,1909f56bfc062723c751e8b465ee728b)  -> (artifact id: '1b601a011720b2156633e7be85e83015') in 0.067728 seconds 
  Import took 0.085526 seconds .

========================================================================
Received Import Request.
  Time since last request: 2.148874 seconds.
  path: Assets/obstacles/Square 3.prefab
  artifactKey: Guid(af4869881abaee64599cd776512e4d6f) Importer(815301076,1909f56bfc062723c751e8b465ee728b)
Start importing Assets/obstacles/Square 3.prefab using Guid(af4869881abaee64599cd776512e4d6f) Importer(815301076,1909f56bfc062723c751e8b465ee728b)  -> (artifact id: '1cd9d778ff0d4e6f83caad6a1b538522') in 0.072997 seconds 
  Import took 0.090727 seconds .

========================================================================
Received Import Request.
  Time since last request: 13.069824 seconds.
  path: Assets/obstacles/Square 3.prefab
  artifactKey: Guid(af4869881abaee64599cd776512e4d6f) Importer(815301076,1909f56bfc062723c751e8b465ee728b)
Start importing Assets/obstacles/Square 3.prefab using Guid(af4869881abaee64599cd776512e4d6f) Importer(815301076,1909f56bfc062723c751e8b465ee728b)  -> (artifact id: '3b4282f05833bc42bfd0d427c3017f68') in 0.068584 seconds 
  Import took 0.084905 seconds .

========================================================================
Received Import Request.
  Time since last request: 5.776905 seconds.
  path: Assets/obstacles/Square 3.prefab
  artifactKey: Guid(af4869881abaee64599cd776512e4d6f) Importer(815301076,1909f56bfc062723c751e8b465ee728b)
Start importing Assets/obstacles/Square 3.prefab using Guid(af4869881abaee64599cd776512e4d6f) Importer(815301076,1909f56bfc062723c751e8b465ee728b)  -> (artifact id: '9312e82cf8829901172f5feabdab8bf2') in 0.091824 seconds 
  Import took 0.113714 seconds .

========================================================================
Received Import Request.
  Time since last request: 3.525056 seconds.
  path: Assets/obstacles/Square 3.prefab
  artifactKey: Guid(af4869881abaee64599cd776512e4d6f) Importer(815301076,1909f56bfc062723c751e8b465ee728b)
Start importing Assets/obstacles/Square 3.prefab using Guid(af4869881abaee64599cd776512e4d6f) Importer(815301076,1909f56bfc062723c751e8b465ee728b)  -> (artifact id: '9dacc43b5108d087fbac8cbfd836a64a') in 0.062252 seconds 
  Import took 0.077770 seconds .

========================================================================
Received Import Request.
  Time since last request: 5.634022 seconds.
  path: Assets/obstacles/Square 3.prefab
  artifactKey: Guid(af4869881abaee64599cd776512e4d6f) Importer(815301076,1909f56bfc062723c751e8b465ee728b)
Start importing Assets/obstacles/Square 3.prefab using Guid(af4869881abaee64599cd776512e4d6f) Importer(815301076,1909f56bfc062723c751e8b465ee728b)  -> (artifact id: '0d78ebd17560319d6a190047df5aa994') in 0.073862 seconds 
  Import took 0.089930 seconds .

========================================================================
Received Import Request.
  Time since last request: 9.495322 seconds.
  path: Assets/obstacles/Square 3.prefab
  artifactKey: Guid(af4869881abaee64599cd776512e4d6f) Importer(815301076,1909f56bfc062723c751e8b465ee728b)
Start importing Assets/obstacles/Square 3.prefab using Guid(af4869881abaee64599cd776512e4d6f) Importer(815301076,1909f56bfc062723c751e8b465ee728b)  -> (artifact id: '6200ea26f4ce777414de16d1aa765cbc') in 0.075125 seconds 
  Import took 0.088264 seconds .

========================================================================
Received Import Request.
  Time since last request: 199.934364 seconds.
  path: Assets/Scripts/Difficulty.cs
  artifactKey: Guid(2465bb70eecddce4e813e5188d882359) Importer(815301076,1909f56bfc062723c751e8b465ee728b)
Start importing Assets/Scripts/Difficulty.cs using Guid(2465bb70eecddce4e813e5188d882359) Importer(815301076,1909f56bfc062723c751e8b465ee728b)  -> (artifact id: '47b9497744cadfeb587768a5f3f699b1') in 0.096150 seconds 
  Import took 0.269995 seconds .

========================================================================
Received Prepare
Registering precompiled user dll's ...
Registered in 0.035944 seconds.
Begin MonoManager ReloadAssembly
Native extension for WindowsStandalone target not found
Refreshing native plugins compatible for Editor in 2.13 ms, found 3 plugins.
Preloading 0 native plugins for Editor in 0.00 ms.
Mono: successfully reloaded assembly
- Completed reload, in  6.327 seconds
Domain Reload Profiling:
	ReloadAssembly (6328ms)
		BeginReloadAssembly (791ms)
			ExecutionOrderSort (0ms)
			DisableScriptedObjects (31ms)
			BackupInstance (0ms)
			ReleaseScriptingObjects (0ms)
			CreateAndSetChildDomain (166ms)
		EndReloadAssembly (5111ms)
			LoadAssemblies (823ms)
			RebuildTransferFunctionScriptingTraits (0ms)
			SetupTypeCache (1800ms)
			ReleaseScriptCaches (3ms)
			RebuildScriptCaches (241ms)
			SetupLoadedEditorAssemblies (1837ms)
				LogAssemblyErrors (0ms)
				InitializePlatformSupportModulesInManaged (25ms)
				SetLoadedEditorAssemblies (4ms)
				RefreshPlugins (2ms)
				BeforeProcessingInitializeOnLoad (480ms)
				ProcessInitializeOnLoadAttributes (1258ms)
				ProcessInitializeOnLoadMethodAttributes (29ms)
				AfterProcessingInitializeOnLoad (38ms)
				EditorAssembliesLoaded (1ms)
			ExecutionOrderSort2 (0ms)
			AwakeInstancesAfterBackupRestoration (72ms)
Platform modules already initialized, skipping
Refreshing native plugins compatible for Editor in 2.06 ms, found 3 plugins.
Preloading 0 native plugins for Editor in 0.00 ms.
Unloading 2087 Unused Serialized files (Serialized files now loaded: 0)
System memory in use before: 168.4 MB.
System memory in use after: 168.5 MB.

Unloading 14 unused Assets to reduce memory usage. Loaded Objects now: 2582.
Total: 13.705100 ms (FindLiveObjects: 0.945900 ms CreateObjectMapping: 0.489200 ms MarkObjects: 12.164000 ms  DeleteObjects: 0.101600 ms)

AssetImportParameters requested are different than current active one (requested -> active):
  custom:framework-win-MediaFoundation: 216162199b28c13a410421893ffa2e32 -> 
  custom:video-decoder-ogg-theora: a1e56fd34408186e4bbccfd4996cb3dc -> 
  custom:container-muxer-webm: aa71ff27fc2769a1b78a27578f13a17b -> 
  custom:container-demuxer-webm: 4f35f7cbe854078d1ac9338744f61a02 -> 
  custom:container-demuxer-ogg: 62fdf1f143b41e24485cea50d1cbac27 -> 
  custom:video-encoder-webm-vp8: eb34c28f22e8b96e1ab97ce403110664 -> 
  custom:video-decoder-webm-vp8: 9c59270c3fd7afecdb556c50c9e8de78 -> 
  custom:audio-decoder-ogg-vorbis: bf7c407c2cedff20999df2af8eb42d56 -> 
  custom:audio-encoder-webm-vorbis: bf7c407c2cedff20999df2af8eb42d56 -> 
========================================================================
Received Prepare
Registering precompiled user dll's ...
Registered in 0.027019 seconds.
Begin MonoManager ReloadAssembly
Native extension for WindowsStandalone target not found
Refreshing native plugins compatible for Editor in 1.73 ms, found 3 plugins.
Preloading 0 native plugins for Editor in 0.00 ms.
Mono: successfully reloaded assembly
- Completed reload, in  5.075 seconds
Domain Reload Profiling:
	ReloadAssembly (5076ms)
		BeginReloadAssembly (504ms)
			ExecutionOrderSort (0ms)
			DisableScriptedObjects (31ms)
			BackupInstance (0ms)
			ReleaseScriptingObjects (0ms)
			CreateAndSetChildDomain (132ms)
		EndReloadAssembly (4237ms)
			LoadAssemblies (509ms)
			RebuildTransferFunctionScriptingTraits (0ms)
			SetupTypeCache (1502ms)
			ReleaseScriptCaches (3ms)
			RebuildScriptCaches (232ms)
			SetupLoadedEditorAssemblies (1452ms)
				LogAssemblyErrors (0ms)
				InitializePlatformSupportModulesInManaged (23ms)
				SetLoadedEditorAssemblies (2ms)
				RefreshPlugins (2ms)
				BeforeProcessingInitializeOnLoad (438ms)
				ProcessInitializeOnLoadAttributes (915ms)
				ProcessInitializeOnLoadMethodAttributes (29ms)
				AfterProcessingInitializeOnLoad (41ms)
				EditorAssembliesLoaded (1ms)
			ExecutionOrderSort2 (0ms)
			AwakeInstancesAfterBackupRestoration (50ms)
Platform modules already initialized, skipping
Refreshing native plugins compatible for Editor in 1.90 ms, found 3 plugins.
Preloading 0 native plugins for Editor in 0.00 ms.
Unloading 2087 Unused Serialized files (Serialized files now loaded: 0)
System memory in use before: 168.4 MB.
System memory in use after: 168.5 MB.

Unloading 14 unused Assets to reduce memory usage. Loaded Objects now: 2585.
Total: 12.816900 ms (FindLiveObjects: 0.924100 ms CreateObjectMapping: 0.320600 ms MarkObjects: 11.490900 ms  DeleteObjects: 0.076200 ms)

AssetImportParameters requested are different than current active one (requested -> active):
  custom:framework-win-MediaFoundation: 216162199b28c13a410421893ffa2e32 -> 
  custom:video-decoder-ogg-theora: a1e56fd34408186e4bbccfd4996cb3dc -> 
  custom:container-muxer-webm: aa71ff27fc2769a1b78a27578f13a17b -> 
  custom:container-demuxer-webm: 4f35f7cbe854078d1ac9338744f61a02 -> 
  custom:container-demuxer-ogg: 62fdf1f143b41e24485cea50d1cbac27 -> 
  custom:video-encoder-webm-vp8: eb34c28f22e8b96e1ab97ce403110664 -> 
  custom:video-decoder-webm-vp8: 9c59270c3fd7afecdb556c50c9e8de78 -> 
  custom:audio-decoder-ogg-vorbis: bf7c407c2cedff20999df2af8eb42d56 -> 
  custom:audio-encoder-webm-vorbis: bf7c407c2cedff20999df2af8eb42d56 -> 
========================================================================
Received Import Request.
  Time since last request: 219.960438 seconds.
  path: Assets/Scripts/Difficulty.cs
  artifactKey: Guid(2465bb70eecddce4e813e5188d882359) Importer(815301076,1909f56bfc062723c751e8b465ee728b)
Start importing Assets/Scripts/Difficulty.cs using Guid(2465bb70eecddce4e813e5188d882359) Importer(815301076,1909f56bfc062723c751e8b465ee728b)  -> (artifact id: '304994b2778cb35bbc2d31091d8acb24') in 0.023089 seconds 
  Import took 0.034254 seconds .

========================================================================
Received Prepare
Registering precompiled user dll's ...
Registered in 0.034585 seconds.
Begin MonoManager ReloadAssembly
Native extension for WindowsStandalone target not found
Refreshing native plugins compatible for Editor in 1.82 ms, found 3 plugins.
Preloading 0 native plugins for Editor in 0.00 ms.
Mono: successfully reloaded assembly
- Completed reload, in  5.055 seconds
Domain Reload Profiling:
	ReloadAssembly (5057ms)
		BeginReloadAssembly (547ms)
			ExecutionOrderSort (0ms)
			DisableScriptedObjects (47ms)
			BackupInstance (0ms)
			ReleaseScriptingObjects (0ms)
			CreateAndSetChildDomain (144ms)
		EndReloadAssembly (4165ms)
			LoadAssemblies (501ms)
			RebuildTransferFunctionScriptingTraits (0ms)
			SetupTypeCache (1480ms)
			ReleaseScriptCaches (3ms)
			RebuildScriptCaches (229ms)
			SetupLoadedEditorAssemblies (1419ms)
				LogAssemblyErrors (0ms)
				InitializePlatformSupportModulesInManaged (22ms)
				SetLoadedEditorAssemblies (2ms)
				RefreshPlugins (2ms)
				BeforeProcessingInitializeOnLoad (434ms)
				ProcessInitializeOnLoadAttributes (894ms)
				ProcessInitializeOnLoadMethodAttributes (27ms)
				AfterProcessingInitializeOnLoad (37ms)
				EditorAssembliesLoaded (1ms)
			ExecutionOrderSort2 (0ms)
			AwakeInstancesAfterBackupRestoration (53ms)
Platform modules already initialized, skipping
Refreshing native plugins compatible for Editor in 2.15 ms, found 3 plugins.
Preloading 0 native plugins for Editor in 0.00 ms.
Unloading 2087 Unused Serialized files (Serialized files now loaded: 0)
System memory in use before: 168.4 MB.
System memory in use after: 168.5 MB.

Unloading 14 unused Assets to reduce memory usage. Loaded Objects now: 2588.
Total: 12.838200 ms (FindLiveObjects: 0.855200 ms CreateObjectMapping: 0.268500 ms MarkObjects: 11.629900 ms  DeleteObjects: 0.079100 ms)

AssetImportParameters requested are different than current active one (requested -> active):
  custom:framework-win-MediaFoundation: 216162199b28c13a410421893ffa2e32 -> 
  custom:video-decoder-ogg-theora: a1e56fd34408186e4bbccfd4996cb3dc -> 
  custom:container-muxer-webm: aa71ff27fc2769a1b78a27578f13a17b -> 
  custom:container-demuxer-webm: 4f35f7cbe854078d1ac9338744f61a02 -> 
  custom:container-demuxer-ogg: 62fdf1f143b41e24485cea50d1cbac27 -> 
  custom:video-encoder-webm-vp8: eb34c28f22e8b96e1ab97ce403110664 -> 
  custom:video-decoder-webm-vp8: 9c59270c3fd7afecdb556c50c9e8de78 -> 
  custom:audio-decoder-ogg-vorbis: bf7c407c2cedff20999df2af8eb42d56 -> 
  custom:audio-encoder-webm-vorbis: bf7c407c2cedff20999df2af8eb42d56 -> 
========================================================================
Received Import Request.
  Time since last request: 136.750981 seconds.
  path: Assets/Scripts/Difficulty.cs
  artifactKey: Guid(2465bb70eecddce4e813e5188d882359) Importer(815301076,1909f56bfc062723c751e8b465ee728b)
Start importing Assets/Scripts/Difficulty.cs using Guid(2465bb70eecddce4e813e5188d882359) Importer(815301076,1909f56bfc062723c751e8b465ee728b)  -> (artifact id: '60bebdbff708dd8d0521e9a1ea105412') in 0.024385 seconds 
  Import took 0.035508 seconds .

========================================================================
Received Import Request.
  Time since last request: 209.984375 seconds.
  path: Assets/obstacles/Square 0.prefab
  artifactKey: Guid(6dd3b6998e30ef442b75545dd1a99def) Importer(815301076,1909f56bfc062723c751e8b465ee728b)
Start importing Assets/obstacles/Square 0.prefab using Guid(6dd3b6998e30ef442b75545dd1a99def) Importer(815301076,1909f56bfc062723c751e8b465ee728b)  -> (artifact id: 'f0d7f4ede575eb21b5c7a377b3463c54') in 0.270638 seconds 
  Import took 0.284746 seconds .

========================================================================
Received Import Request.
  Time since last request: 0.000849 seconds.
  path: Assets/obstacles/Square 1.prefab
  artifactKey: Guid(0365ad0d4e029a0468c912e6c5ea9e83) Importer(815301076,1909f56bfc062723c751e8b465ee728b)
Start importing Assets/obstacles/Square 1.prefab using Guid(0365ad0d4e029a0468c912e6c5ea9e83) Importer(815301076,1909f56bfc062723c751e8b465ee728b)  -> (artifact id: 'b451395e7558eb9210af14ef248333d4') in 0.083600 seconds 
  Import took 0.098503 seconds .

========================================================================
Received Import Request.
  Time since last request: 0.002483 seconds.
  path: Assets/obstacles/Square 2.prefab
  artifactKey: Guid(470a51dbd45011a47a2bf2dfa00900bb) Importer(815301076,1909f56bfc062723c751e8b465ee728b)
Start importing Assets/obstacles/Square 2.prefab using Guid(470a51dbd45011a47a2bf2dfa00900bb) Importer(815301076,1909f56bfc062723c751e8b465ee728b)  -> (artifact id: '5dd7fa91f878f6345a8564fc9c7d1ba0') in 0.076596 seconds 
  Import took 0.089319 seconds .

========================================================================
Received Import Request.
  Time since last request: 0.000782 seconds.
  path: Assets/obstacles/Square 3.prefab
  artifactKey: Guid(af4869881abaee64599cd776512e4d6f) Importer(815301076,1909f56bfc062723c751e8b465ee728b)
Start importing Assets/obstacles/Square 3.prefab using Guid(af4869881abaee64599cd776512e4d6f) Importer(815301076,1909f56bfc062723c751e8b465ee728b)  -> (artifact id: 'a31803fbe11044b4c524f7d6b9f795a0') in 0.075424 seconds 
  Import took 0.088767 seconds .

========================================================================
Received Import Request.
  Time since last request: 14.285977 seconds.
  path: Assets/obstacles/Square 0.prefab
  artifactKey: Guid(6dd3b6998e30ef442b75545dd1a99def) Importer(815301076,1909f56bfc062723c751e8b465ee728b)
Start importing Assets/obstacles/Square 0.prefab using Guid(6dd3b6998e30ef442b75545dd1a99def) Importer(815301076,1909f56bfc062723c751e8b465ee728b)  -> (artifact id: 'afaa097296d34810a998c21832b983e5') in 0.064354 seconds 
  Import took 0.077870 seconds .

========================================================================
Received Import Request.
  Time since last request: 0.036450 seconds.
  path: Assets/obstacles/Square 1.prefab
  artifactKey: Guid(0365ad0d4e029a0468c912e6c5ea9e83) Importer(815301076,1909f56bfc062723c751e8b465ee728b)
Start importing Assets/obstacles/Square 1.prefab using Guid(0365ad0d4e029a0468c912e6c5ea9e83) Importer(815301076,1909f56bfc062723c751e8b465ee728b)  -> (artifact id: '27c1cb277d3b46c483b9eb5d7eabd29d') in 0.062758 seconds 
  Import took 0.079390 seconds .

========================================================================
Received Import Request.
  Time since last request: 0.000819 seconds.
  path: Assets/obstacles/Square 2.prefab
  artifactKey: Guid(470a51dbd45011a47a2bf2dfa00900bb) Importer(815301076,1909f56bfc062723c751e8b465ee728b)
Start importing Assets/obstacles/Square 2.prefab using Guid(470a51dbd45011a47a2bf2dfa00900bb) Importer(815301076,1909f56bfc062723c751e8b465ee728b)  -> (artifact id: 'b082241708f93b08a9252f92095a7e62') in 0.063097 seconds 
  Import took 0.077662 seconds .

========================================================================
Received Import Request.
  Time since last request: 0.000879 seconds.
  path: Assets/obstacles/Square 3.prefab
  artifactKey: Guid(af4869881abaee64599cd776512e4d6f) Importer(815301076,1909f56bfc062723c751e8b465ee728b)
Start importing Assets/obstacles/Square 3.prefab using Guid(af4869881abaee64599cd776512e4d6f) Importer(815301076,1909f56bfc062723c751e8b465ee728b)  -> (artifact id: 'b892cb95908c223d700d2c8b6cb66c49') in 0.062441 seconds 
  Import took 0.079942 seconds .

========================================================================
Received Import Request.
  Time since last request: 1.061227 seconds.
  path: Assets/obstacles/Square 0.prefab
  artifactKey: Guid(6dd3b6998e30ef442b75545dd1a99def) Importer(815301076,1909f56bfc062723c751e8b465ee728b)
Start importing Assets/obstacles/Square 0.prefab using Guid(6dd3b6998e30ef442b75545dd1a99def) Importer(815301076,1909f56bfc062723c751e8b465ee728b)  -> (artifact id: '15df757c813faee14a36e29c38bb1d5b') in 0.073737 seconds 
  Import took 0.088207 seconds .

========================================================================
Received Import Request.
  Time since last request: 0.007481 seconds.
  path: Assets/obstacles/Square 1.prefab
  artifactKey: Guid(0365ad0d4e029a0468c912e6c5ea9e83) Importer(815301076,1909f56bfc062723c751e8b465ee728b)
Start importing Assets/obstacles/Square 1.prefab using Guid(0365ad0d4e029a0468c912e6c5ea9e83) Importer(815301076,1909f56bfc062723c751e8b465ee728b)  -> (artifact id: '7fb4d284a3fed5a5be8d8c495c28c3e4') in 0.078727 seconds 
  Import took 0.094613 seconds .

========================================================================
Received Import Request.
  Time since last request: 0.001086 seconds.
  path: Assets/obstacles/Square 2.prefab
  artifactKey: Guid(470a51dbd45011a47a2bf2dfa00900bb) Importer(815301076,1909f56bfc062723c751e8b465ee728b)
Start importing Assets/obstacles/Square 2.prefab using Guid(470a51dbd45011a47a2bf2dfa00900bb) Importer(815301076,1909f56bfc062723c751e8b465ee728b)  -> (artifact id: '0ceeb5f58f21447e0b39f369e2bceda1') in 0.074168 seconds 
  Import took 0.090590 seconds .

========================================================================
Received Import Request.
  Time since last request: 0.000761 seconds.
  path: Assets/obstacles/Square 3.prefab
  artifactKey: Guid(af4869881abaee64599cd776512e4d6f) Importer(815301076,1909f56bfc062723c751e8b465ee728b)
Start importing Assets/obstacles/Square 3.prefab using Guid(af4869881abaee64599cd776512e4d6f) Importer(815301076,1909f56bfc062723c751e8b465ee728b)  -> (artifact id: '14cf5ec9ca24603c952c1150bba688db') in 0.065425 seconds 
  Import took 0.078758 seconds .

========================================================================
Received Prepare
Registering precompiled user dll's ...
Registered in 0.019316 seconds.
Begin MonoManager ReloadAssembly
Native extension for WindowsStandalone target not found
Refreshing native plugins compatible for Editor in 1.84 ms, found 3 plugins.
Preloading 0 native plugins for Editor in 0.00 ms.
Mono: successfully reloaded assembly
- Completed reload, in  5.068 seconds
Domain Reload Profiling:
	ReloadAssembly (5070ms)
		BeginReloadAssembly (489ms)
			ExecutionOrderSort (0ms)
			DisableScriptedObjects (31ms)
			BackupInstance (0ms)
			ReleaseScriptingObjects (0ms)
			CreateAndSetChildDomain (129ms)
		EndReloadAssembly (4242ms)
			LoadAssemblies (507ms)
			RebuildTransferFunctionScriptingTraits (0ms)
			SetupTypeCache (1513ms)
			ReleaseScriptCaches (3ms)
			RebuildScriptCaches (236ms)
			SetupLoadedEditorAssemblies (1427ms)
				LogAssemblyErrors (0ms)
				InitializePlatformSupportModulesInManaged (23ms)
				SetLoadedEditorAssemblies (2ms)
				RefreshPlugins (2ms)
				BeforeProcessingInitializeOnLoad (423ms)
				ProcessInitializeOnLoadAttributes (912ms)
				ProcessInitializeOnLoadMethodAttributes (27ms)
				AfterProcessingInitializeOnLoad (37ms)
				EditorAssembliesLoaded (1ms)
			ExecutionOrderSort2 (0ms)
			AwakeInstancesAfterBackupRestoration (54ms)
Platform modules already initialized, skipping
Refreshing native plugins compatible for Editor in 1.93 ms, found 3 plugins.
Preloading 0 native plugins for Editor in 0.00 ms.
Unloading 2087 Unused Serialized files (Serialized files now loaded: 0)
System memory in use before: 168.4 MB.
System memory in use after: 168.5 MB.

Unloading 14 unused Assets to reduce memory usage. Loaded Objects now: 2592.
Total: 13.282400 ms (FindLiveObjects: 0.929500 ms CreateObjectMapping: 0.318400 ms MarkObjects: 11.950400 ms  DeleteObjects: 0.079300 ms)

AssetImportParameters requested are different than current active one (requested -> active):
  custom:framework-win-MediaFoundation: 216162199b28c13a410421893ffa2e32 -> 
  custom:video-decoder-ogg-theora: a1e56fd34408186e4bbccfd4996cb3dc -> 
  custom:container-muxer-webm: aa71ff27fc2769a1b78a27578f13a17b -> 
  custom:container-demuxer-webm: 4f35f7cbe854078d1ac9338744f61a02 -> 
  custom:container-demuxer-ogg: 62fdf1f143b41e24485cea50d1cbac27 -> 
  custom:video-encoder-webm-vp8: eb34c28f22e8b96e1ab97ce403110664 -> 
  custom:video-decoder-webm-vp8: 9c59270c3fd7afecdb556c50c9e8de78 -> 
  custom:audio-decoder-ogg-vorbis: bf7c407c2cedff20999df2af8eb42d56 -> 
  custom:audio-encoder-webm-vorbis: bf7c407c2cedff20999df2af8eb42d56 -> 
========================================================================
Received Import Request.
  Time since last request: 626.320587 seconds.
  path: ProjectSettings/TagManager.asset
  artifactKey: Guid(00000000000000003000000000000000) Importer(815301076,1909f56bfc062723c751e8b465ee728b)
Start importing ProjectSettings/TagManager.asset using Guid(00000000000000003000000000000000) Importer(815301076,1909f56bfc062723c751e8b465ee728b)  -> (artifact id: '8a98590f61e33058bf5f3f4aeed2485f') in 0.100562 seconds 
  Import took 0.113098 seconds .

========================================================================
Received Prepare
Registering precompiled user dll's ...
Registered in 0.022435 seconds.
Begin MonoManager ReloadAssembly
Native extension for WindowsStandalone target not found
Refreshing native plugins compatible for Editor in 1.77 ms, found 3 plugins.
Preloading 0 native plugins for Editor in 0.00 ms.
Mono: successfully reloaded assembly
- Completed reload, in  5.437 seconds
Domain Reload Profiling:
	ReloadAssembly (5439ms)
		BeginReloadAssembly (531ms)
			ExecutionOrderSort (0ms)
			DisableScriptedObjects (31ms)
			BackupInstance (0ms)
			ReleaseScriptingObjects (0ms)
			CreateAndSetChildDomain (124ms)
		EndReloadAssembly (4546ms)
			LoadAssemblies (655ms)
			RebuildTransferFunctionScriptingTraits (0ms)
			SetupTypeCache (1577ms)
			ReleaseScriptCaches (4ms)
			RebuildScriptCaches (245ms)
			SetupLoadedEditorAssemblies (1543ms)
				LogAssemblyErrors (0ms)
				InitializePlatformSupportModulesInManaged (25ms)
				SetLoadedEditorAssemblies (2ms)
				RefreshPlugins (2ms)
				BeforeProcessingInitializeOnLoad (447ms)
				ProcessInitializeOnLoadAttributes (988ms)
				ProcessInitializeOnLoadMethodAttributes (33ms)
				AfterProcessingInitializeOnLoad (45ms)
				EditorAssembliesLoaded (1ms)
			ExecutionOrderSort2 (0ms)
			AwakeInstancesAfterBackupRestoration (54ms)
Platform modules already initialized, skipping
Refreshing native plugins compatible for Editor in 2.85 ms, found 3 plugins.
Preloading 0 native plugins for Editor in 0.00 ms.
Unloading 2087 Unused Serialized files (Serialized files now loaded: 0)
System memory in use before: 168.4 MB.
System memory in use after: 168.6 MB.

Unloading 15 unused Assets to reduce memory usage. Loaded Objects now: 2595.
Total: 13.783600 ms (FindLiveObjects: 0.868200 ms CreateObjectMapping: 0.290900 ms MarkObjects: 12.538100 ms  DeleteObjects: 0.081500 ms)

AssetImportParameters requested are different than current active one (requested -> active):
  custom:framework-win-MediaFoundation: 216162199b28c13a410421893ffa2e32 -> 
  custom:video-decoder-ogg-theora: a1e56fd34408186e4bbccfd4996cb3dc -> 
  custom:container-muxer-webm: aa71ff27fc2769a1b78a27578f13a17b -> 
  custom:container-demuxer-webm: 4f35f7cbe854078d1ac9338744f61a02 -> 
  custom:container-demuxer-ogg: 62fdf1f143b41e24485cea50d1cbac27 -> 
  custom:video-encoder-webm-vp8: eb34c28f22e8b96e1ab97ce403110664 -> 
  custom:video-decoder-webm-vp8: 9c59270c3fd7afecdb556c50c9e8de78 -> 
  custom:audio-decoder-ogg-vorbis: bf7c407c2cedff20999df2af8eb42d56 -> 
  custom:audio-encoder-webm-vorbis: bf7c407c2cedff20999df2af8eb42d56 -> 
========================================================================
Received Prepare
Registering precompiled user dll's ...
Registered in 0.026608 seconds.
Begin MonoManager ReloadAssembly
Native extension for WindowsStandalone target not found
Refreshing native plugins compatible for Editor in 1.73 ms, found 3 plugins.
Preloading 0 native plugins for Editor in 0.00 ms.
Mono: successfully reloaded assembly
- Completed reload, in  5.279 seconds
Domain Reload Profiling:
	ReloadAssembly (5280ms)
		BeginReloadAssembly (600ms)
			ExecutionOrderSort (0ms)
			DisableScriptedObjects (30ms)
			BackupInstance (0ms)
			ReleaseScriptingObjects (0ms)
			CreateAndSetChildDomain (132ms)
		EndReloadAssembly (4328ms)
			LoadAssemblies (609ms)
			RebuildTransferFunctionScriptingTraits (0ms)
			SetupTypeCache (1504ms)
			ReleaseScriptCaches (3ms)
			RebuildScriptCaches (232ms)
			SetupLoadedEditorAssemblies (1442ms)
				LogAssemblyErrors (0ms)
				InitializePlatformSupportModulesInManaged (23ms)
				SetLoadedEditorAssemblies (2ms)
				RefreshPlugins (2ms)
				BeforeProcessingInitializeOnLoad (431ms)
				ProcessInitializeOnLoadAttributes (917ms)
				ProcessInitializeOnLoadMethodAttributes (29ms)
				AfterProcessingInitializeOnLoad (38ms)
				EditorAssembliesLoaded (1ms)
			ExecutionOrderSort2 (0ms)
			AwakeInstancesAfterBackupRestoration (53ms)
Platform modules already initialized, skipping
Refreshing native plugins compatible for Editor in 5.79 ms, found 3 plugins.
Preloading 0 native plugins for Editor in 0.00 ms.
Unloading 2087 Unused Serialized files (Serialized files now loaded: 0)
System memory in use before: 168.4 MB.
System memory in use after: 168.6 MB.

Unloading 14 unused Assets to reduce memory usage. Loaded Objects now: 2598.
Total: 16.478100 ms (FindLiveObjects: 0.902500 ms CreateObjectMapping: 0.297100 ms MarkObjects: 15.195200 ms  DeleteObjects: 0.078300 ms)

AssetImportParameters requested are different than current active one (requested -> active):
  custom:framework-win-MediaFoundation: 216162199b28c13a410421893ffa2e32 -> 
  custom:video-decoder-ogg-theora: a1e56fd34408186e4bbccfd4996cb3dc -> 
  custom:container-muxer-webm: aa71ff27fc2769a1b78a27578f13a17b -> 
  custom:container-demuxer-webm: 4f35f7cbe854078d1ac9338744f61a02 -> 
  custom:container-demuxer-ogg: 62fdf1f143b41e24485cea50d1cbac27 -> 
  custom:video-encoder-webm-vp8: eb34c28f22e8b96e1ab97ce403110664 -> 
  custom:video-decoder-webm-vp8: 9c59270c3fd7afecdb556c50c9e8de78 -> 
  custom:audio-decoder-ogg-vorbis: bf7c407c2cedff20999df2af8eb42d56 -> 
  custom:audio-encoder-webm-vorbis: bf7c407c2cedff20999df2af8eb42d56 -> 
========================================================================
Received Prepare
Registering precompiled user dll's ...
Registered in 0.021172 seconds.
Begin MonoManager ReloadAssembly
Native extension for WindowsStandalone target not found
Refreshing native plugins compatible for Editor in 1.89 ms, found 3 plugins.
Preloading 0 native plugins for Editor in 0.00 ms.
Mono: successfully reloaded assembly
- Completed reload, in  5.672 seconds
Domain Reload Profiling:
	ReloadAssembly (5674ms)
		BeginReloadAssembly (568ms)
			ExecutionOrderSort (0ms)
			DisableScriptedObjects (37ms)
			BackupInstance (0ms)
			ReleaseScriptingObjects (0ms)
			CreateAndSetChildDomain (142ms)
		EndReloadAssembly (4737ms)
			LoadAssemblies (549ms)
			RebuildTransferFunctionScriptingTraits (0ms)
			SetupTypeCache (1762ms)
			ReleaseScriptCaches (4ms)
			RebuildScriptCaches (261ms)
			SetupLoadedEditorAssemblies (1568ms)
				LogAssemblyErrors (0ms)
				InitializePlatformSupportModulesInManaged (26ms)
				SetLoadedEditorAssemblies (2ms)
				RefreshPlugins (2ms)
				BeforeProcessingInitializeOnLoad (469ms)
				ProcessInitializeOnLoadAttributes (997ms)
				ProcessInitializeOnLoadMethodAttributes (28ms)
				AfterProcessingInitializeOnLoad (44ms)
				EditorAssembliesLoaded (1ms)
			ExecutionOrderSort2 (0ms)
			AwakeInstancesAfterBackupRestoration (52ms)
Platform modules already initialized, skipping
Refreshing native plugins compatible for Editor in 1.85 ms, found 3 plugins.
Preloading 0 native plugins for Editor in 0.00 ms.
Unloading 2087 Unused Serialized files (Serialized files now loaded: 0)
System memory in use before: 168.4 MB.
System memory in use after: 168.6 MB.

Unloading 14 unused Assets to reduce memory usage. Loaded Objects now: 2601.
Total: 14.701100 ms (FindLiveObjects: 2.206800 ms CreateObjectMapping: 0.561100 ms MarkObjects: 11.850700 ms  DeleteObjects: 0.076700 ms)

AssetImportParameters requested are different than current active one (requested -> active):
  custom:framework-win-MediaFoundation: 216162199b28c13a410421893ffa2e32 -> 
  custom:video-decoder-ogg-theora: a1e56fd34408186e4bbccfd4996cb3dc -> 
  custom:container-muxer-webm: aa71ff27fc2769a1b78a27578f13a17b -> 
  custom:container-demuxer-webm: 4f35f7cbe854078d1ac9338744f61a02 -> 
  custom:container-demuxer-ogg: 62fdf1f143b41e24485cea50d1cbac27 -> 
  custom:video-encoder-webm-vp8: eb34c28f22e8b96e1ab97ce403110664 -> 
  custom:video-decoder-webm-vp8: 9c59270c3fd7afecdb556c50c9e8de78 -> 
  custom:audio-decoder-ogg-vorbis: bf7c407c2cedff20999df2af8eb42d56 -> 
  custom:audio-encoder-webm-vorbis: bf7c407c2cedff20999df2af8eb42d56 -> 
========================================================================
Received Prepare
Registering precompiled user dll's ...
Registered in 0.022951 seconds.
Begin MonoManager ReloadAssembly
Native extension for WindowsStandalone target not found
Refreshing native plugins compatible for Editor in 1.71 ms, found 3 plugins.
Preloading 0 native plugins for Editor in 0.00 ms.
Mono: successfully reloaded assembly
- Completed reload, in  5.127 seconds
Domain Reload Profiling:
	ReloadAssembly (5129ms)
		BeginReloadAssembly (538ms)
			ExecutionOrderSort (0ms)
			DisableScriptedObjects (30ms)
			BackupInstance (0ms)
			ReleaseScriptingObjects (0ms)
			CreateAndSetChildDomain (132ms)
		EndReloadAssembly (4244ms)
			LoadAssemblies (529ms)
			RebuildTransferFunctionScriptingTraits (0ms)
			SetupTypeCache (1517ms)
			ReleaseScriptCaches (3ms)
			RebuildScriptCaches (235ms)
			SetupLoadedEditorAssemblies (1444ms)
				LogAssemblyErrors (0ms)
				InitializePlatformSupportModulesInManaged (24ms)
				SetLoadedEditorAssemblies (2ms)
				RefreshPlugins (2ms)
				BeforeProcessingInitializeOnLoad (428ms)
				ProcessInitializeOnLoadAttributes (919ms)
				ProcessInitializeOnLoadMethodAttributes (30ms)
				AfterProcessingInitializeOnLoad (38ms)
				EditorAssembliesLoaded (1ms)
			ExecutionOrderSort2 (0ms)
			AwakeInstancesAfterBackupRestoration (52ms)
Platform modules already initialized, skipping
Refreshing native plugins compatible for Editor in 1.90 ms, found 3 plugins.
Preloading 0 native plugins for Editor in 0.00 ms.
Unloading 2087 Unused Serialized files (Serialized files now loaded: 0)
System memory in use before: 168.4 MB.
System memory in use after: 168.6 MB.

Unloading 14 unused Assets to reduce memory usage. Loaded Objects now: 2604.
Total: 12.922200 ms (FindLiveObjects: 0.865200 ms CreateObjectMapping: 0.276000 ms MarkObjects: 11.699500 ms  DeleteObjects: 0.076800 ms)

AssetImportParameters requested are different than current active one (requested -> active):
  custom:framework-win-MediaFoundation: 216162199b28c13a410421893ffa2e32 -> 
  custom:video-decoder-ogg-theora: a1e56fd34408186e4bbccfd4996cb3dc -> 
  custom:container-muxer-webm: aa71ff27fc2769a1b78a27578f13a17b -> 
  custom:container-demuxer-webm: 4f35f7cbe854078d1ac9338744f61a02 -> 
  custom:container-demuxer-ogg: 62fdf1f143b41e24485cea50d1cbac27 -> 
  custom:video-encoder-webm-vp8: eb34c28f22e8b96e1ab97ce403110664 -> 
  custom:video-decoder-webm-vp8: 9c59270c3fd7afecdb556c50c9e8de78 -> 
  custom:audio-decoder-ogg-vorbis: bf7c407c2cedff20999df2af8eb42d56 -> 
  custom:audio-encoder-webm-vorbis: bf7c407c2cedff20999df2af8eb42d56 -> 
========================================================================
Received Prepare
Registering precompiled user dll's ...
Registered in 0.025452 seconds.
Begin MonoManager ReloadAssembly
Native extension for WindowsStandalone target not found
Refreshing native plugins compatible for Editor in 1.76 ms, found 3 plugins.
Preloading 0 native plugins for Editor in 0.00 ms.
Mono: successfully reloaded assembly
- Completed reload, in  5.668 seconds
Domain Reload Profiling:
	ReloadAssembly (5670ms)
		BeginReloadAssembly (537ms)
			ExecutionOrderSort (0ms)
			DisableScriptedObjects (31ms)
			BackupInstance (0ms)
			ReleaseScriptingObjects (0ms)
			CreateAndSetChildDomain (137ms)
		EndReloadAssembly (4762ms)
			LoadAssemblies (550ms)
			RebuildTransferFunctionScriptingTraits (0ms)
			SetupTypeCache (1784ms)
			ReleaseScriptCaches (4ms)
			RebuildScriptCaches (271ms)
			SetupLoadedEditorAssemblies (1566ms)
				LogAssemblyErrors (0ms)
				InitializePlatformSupportModulesInManaged (28ms)
				SetLoadedEditorAssemblies (2ms)
				RefreshPlugins (2ms)
				BeforeProcessingInitializeOnLoad (472ms)
				ProcessInitializeOnLoadAttributes (993ms)
				ProcessInitializeOnLoadMethodAttributes (29ms)
				AfterProcessingInitializeOnLoad (40ms)
				EditorAssembliesLoaded (1ms)
			ExecutionOrderSort2 (0ms)
			AwakeInstancesAfterBackupRestoration (54ms)
Platform modules already initialized, skipping
Refreshing native plugins compatible for Editor in 1.85 ms, found 3 plugins.
Preloading 0 native plugins for Editor in 0.00 ms.
Unloading 2087 Unused Serialized files (Serialized files now loaded: 0)
System memory in use before: 168.5 MB.
System memory in use after: 168.6 MB.

Unloading 14 unused Assets to reduce memory usage. Loaded Objects now: 2607.
Total: 15.116600 ms (FindLiveObjects: 0.865600 ms CreateObjectMapping: 0.281000 ms MarkObjects: 13.876900 ms  DeleteObjects: 0.087800 ms)

AssetImportParameters requested are different than current active one (requested -> active):
  custom:framework-win-MediaFoundation: 216162199b28c13a410421893ffa2e32 -> 
  custom:video-decoder-ogg-theora: a1e56fd34408186e4bbccfd4996cb3dc -> 
  custom:container-muxer-webm: aa71ff27fc2769a1b78a27578f13a17b -> 
  custom:container-demuxer-webm: 4f35f7cbe854078d1ac9338744f61a02 -> 
  custom:container-demuxer-ogg: 62fdf1f143b41e24485cea50d1cbac27 -> 
  custom:video-encoder-webm-vp8: eb34c28f22e8b96e1ab97ce403110664 -> 
  custom:video-decoder-webm-vp8: 9c59270c3fd7afecdb556c50c9e8de78 -> 
  custom:audio-decoder-ogg-vorbis: bf7c407c2cedff20999df2af8eb42d56 -> 
  custom:audio-encoder-webm-vorbis: bf7c407c2cedff20999df2af8eb42d56 -> 
========================================================================
Received Prepare
Registering precompiled user dll's ...
Registered in 0.024401 seconds.
Begin MonoManager ReloadAssembly
Native extension for WindowsStandalone target not found
Refreshing native plugins compatible for Editor in 3.62 ms, found 3 plugins.
Preloading 0 native plugins for Editor in 0.00 ms.
Mono: successfully reloaded assembly
- Completed reload, in  5.721 seconds
Domain Reload Profiling:
	ReloadAssembly (5723ms)
		BeginReloadAssembly (566ms)
			ExecutionOrderSort (0ms)
			DisableScriptedObjects (47ms)
			BackupInstance (0ms)
			ReleaseScriptingObjects (0ms)
			CreateAndSetChildDomain (140ms)
		EndReloadAssembly (4765ms)
			LoadAssemblies (534ms)
			RebuildTransferFunctionScriptingTraits (0ms)
			SetupTypeCache (1801ms)
			ReleaseScriptCaches (3ms)
			RebuildScriptCaches (289ms)
			SetupLoadedEditorAssemblies (1567ms)
				LogAssemblyErrors (0ms)
				InitializePlatformSupportModulesInManaged (37ms)
				SetLoadedEditorAssemblies (3ms)
				RefreshPlugins (4ms)
				BeforeProcessingInitializeOnLoad (451ms)
				ProcessInitializeOnLoadAttributes (1002ms)
				ProcessInitializeOnLoadMethodAttributes (30ms)
				AfterProcessingInitializeOnLoad (40ms)
				EditorAssembliesLoaded (1ms)
			ExecutionOrderSort2 (0ms)
			AwakeInstancesAfterBackupRestoration (57ms)
Platform modules already initialized, skipping
Refreshing native plugins compatible for Editor in 1.90 ms, found 3 plugins.
Preloading 0 native plugins for Editor in 0.00 ms.
Unloading 2087 Unused Serialized files (Serialized files now loaded: 0)
System memory in use before: 168.5 MB.
System memory in use after: 168.6 MB.

Unloading 14 unused Assets to reduce memory usage. Loaded Objects now: 2610.
Total: 13.020200 ms (FindLiveObjects: 0.900400 ms CreateObjectMapping: 0.319100 ms MarkObjects: 11.708000 ms  DeleteObjects: 0.087300 ms)

AssetImportParameters requested are different than current active one (requested -> active):
  custom:framework-win-MediaFoundation: 216162199b28c13a410421893ffa2e32 -> 
  custom:video-decoder-ogg-theora: a1e56fd34408186e4bbccfd4996cb3dc -> 
  custom:container-muxer-webm: aa71ff27fc2769a1b78a27578f13a17b -> 
  custom:container-demuxer-webm: 4f35f7cbe854078d1ac9338744f61a02 -> 
  custom:container-demuxer-ogg: 62fdf1f143b41e24485cea50d1cbac27 -> 
  custom:video-encoder-webm-vp8: eb34c28f22e8b96e1ab97ce403110664 -> 
  custom:video-decoder-webm-vp8: 9c59270c3fd7afecdb556c50c9e8de78 -> 
  custom:audio-decoder-ogg-vorbis: bf7c407c2cedff20999df2af8eb42d56 -> 
  custom:audio-encoder-webm-vorbis: bf7c407c2cedff20999df2af8eb42d56 -> 
========================================================================
Received Prepare
Registering precompiled user dll's ...
Registered in 0.024753 seconds.
Begin MonoManager ReloadAssembly
Native extension for WindowsStandalone target not found
Refreshing native plugins compatible for Editor in 1.72 ms, found 3 plugins.
Preloading 0 native plugins for Editor in 0.00 ms.
Mono: successfully reloaded assembly
- Completed reload, in  5.874 seconds
Domain Reload Profiling:
	ReloadAssembly (5876ms)
		BeginReloadAssembly (560ms)
			ExecutionOrderSort (0ms)
			DisableScriptedObjects (35ms)
			BackupInstance (0ms)
			ReleaseScriptingObjects (0ms)
			CreateAndSetChildDomain (146ms)
		EndReloadAssembly (4927ms)
			LoadAssemblies (550ms)
			RebuildTransferFunctionScriptingTraits (0ms)
			SetupTypeCache (1769ms)
			ReleaseScriptCaches (4ms)
			RebuildScriptCaches (290ms)
			SetupLoadedEditorAssemblies (1705ms)
				LogAssemblyErrors (0ms)
				InitializePlatformSupportModulesInManaged (22ms)
				SetLoadedEditorAssemblies (2ms)
				RefreshPlugins (2ms)
				BeforeProcessingInitializeOnLoad (475ms)
				ProcessInitializeOnLoadAttributes (1115ms)
				ProcessInitializeOnLoadMethodAttributes (31ms)
				AfterProcessingInitializeOnLoad (57ms)
				EditorAssembliesLoaded (1ms)
			ExecutionOrderSort2 (0ms)
			AwakeInstancesAfterBackupRestoration (61ms)
Platform modules already initialized, skipping
Refreshing native plugins compatible for Editor in 6.13 ms, found 3 plugins.
Preloading 0 native plugins for Editor in 0.00 ms.
Unloading 2087 Unused Serialized files (Serialized files now loaded: 0)
System memory in use before: 168.5 MB.
System memory in use after: 168.6 MB.

Unloading 14 unused Assets to reduce memory usage. Loaded Objects now: 2613.
Total: 13.762900 ms (FindLiveObjects: 0.851200 ms CreateObjectMapping: 0.295800 ms MarkObjects: 12.520700 ms  DeleteObjects: 0.089500 ms)

AssetImportParameters requested are different than current active one (requested -> active):
  custom:framework-win-MediaFoundation: 216162199b28c13a410421893ffa2e32 -> 
  custom:video-decoder-ogg-theora: a1e56fd34408186e4bbccfd4996cb3dc -> 
  custom:container-muxer-webm: aa71ff27fc2769a1b78a27578f13a17b -> 
  custom:container-demuxer-webm: 4f35f7cbe854078d1ac9338744f61a02 -> 
  custom:container-demuxer-ogg: 62fdf1f143b41e24485cea50d1cbac27 -> 
  custom:video-encoder-webm-vp8: eb34c28f22e8b96e1ab97ce403110664 -> 
  custom:video-decoder-webm-vp8: 9c59270c3fd7afecdb556c50c9e8de78 -> 
  custom:audio-decoder-ogg-vorbis: bf7c407c2cedff20999df2af8eb42d56 -> 
  custom:audio-encoder-webm-vorbis: bf7c407c2cedff20999df2af8eb42d56 -> 
========================================================================
Received Prepare
Registering precompiled user dll's ...
Registered in 0.020400 seconds.
Begin MonoManager ReloadAssembly
Native extension for WindowsStandalone target not found
Refreshing native plugins compatible for Editor in 1.71 ms, found 3 plugins.
Preloading 0 native plugins for Editor in 0.00 ms.
Mono: successfully reloaded assembly
- Completed reload, in  5.089 seconds
Domain Reload Profiling:
	ReloadAssembly (5091ms)
		BeginReloadAssembly (484ms)
			ExecutionOrderSort (0ms)
			DisableScriptedObjects (30ms)
			BackupInstance (0ms)
			ReleaseScriptingObjects (0ms)
			CreateAndSetChildDomain (125ms)
		EndReloadAssembly (4265ms)
			LoadAssemblies (506ms)
			RebuildTransferFunctionScriptingTraits (0ms)
			SetupTypeCache (1522ms)
			ReleaseScriptCaches (3ms)
			RebuildScriptCaches (235ms)
			SetupLoadedEditorAssemblies (1458ms)
				LogAssemblyErrors (0ms)
				InitializePlatformSupportModulesInManaged (24ms)
				SetLoadedEditorAssemblies (2ms)
				RefreshPlugins (2ms)
				BeforeProcessingInitializeOnLoad (431ms)
				ProcessInitializeOnLoadAttributes (931ms)
				ProcessInitializeOnLoadMethodAttributes (28ms)
				AfterProcessingInitializeOnLoad (39ms)
				EditorAssembliesLoaded (1ms)
			ExecutionOrderSort2 (0ms)
			AwakeInstancesAfterBackupRestoration (53ms)
Platform modules already initialized, skipping
Refreshing native plugins compatible for Editor in 2.13 ms, found 3 plugins.
Preloading 0 native plugins for Editor in 0.00 ms.
Unloading 2087 Unused Serialized files (Serialized files now loaded: 0)
System memory in use before: 168.5 MB.
System memory in use after: 168.6 MB.

Unloading 14 unused Assets to reduce memory usage. Loaded Objects now: 2616.
Total: 15.618000 ms (FindLiveObjects: 1.578900 ms CreateObjectMapping: 0.599100 ms MarkObjects: 13.350700 ms  DeleteObjects: 0.083700 ms)

AssetImportParameters requested are different than current active one (requested -> active):
  custom:framework-win-MediaFoundation: 216162199b28c13a410421893ffa2e32 -> 
  custom:video-decoder-ogg-theora: a1e56fd34408186e4bbccfd4996cb3dc -> 
  custom:container-muxer-webm: aa71ff27fc2769a1b78a27578f13a17b -> 
  custom:container-demuxer-webm: 4f35f7cbe854078d1ac9338744f61a02 -> 
  custom:container-demuxer-ogg: 62fdf1f143b41e24485cea50d1cbac27 -> 
  custom:video-encoder-webm-vp8: eb34c28f22e8b96e1ab97ce403110664 -> 
  custom:video-decoder-webm-vp8: 9c59270c3fd7afecdb556c50c9e8de78 -> 
  custom:audio-decoder-ogg-vorbis: bf7c407c2cedff20999df2af8eb42d56 -> 
  custom:audio-encoder-webm-vorbis: bf7c407c2cedff20999df2af8eb42d56 -> 
========================================================================
Received Prepare
Registering precompiled user dll's ...
Registered in 0.024236 seconds.
Begin MonoManager ReloadAssembly
Native extension for WindowsStandalone target not found
Refreshing native plugins compatible for Editor in 1.82 ms, found 3 plugins.
Preloading 0 native plugins for Editor in 0.00 ms.
Mono: successfully reloaded assembly
- Completed reload, in  5.861 seconds
Domain Reload Profiling:
	ReloadAssembly (5863ms)
		BeginReloadAssembly (686ms)
			ExecutionOrderSort (0ms)
			DisableScriptedObjects (84ms)
			BackupInstance (0ms)
			ReleaseScriptingObjects (0ms)
			CreateAndSetChildDomain (171ms)
		EndReloadAssembly (4817ms)
			LoadAssemblies (543ms)
			RebuildTransferFunctionScriptingTraits (0ms)
			SetupTypeCache (1846ms)
			ReleaseScriptCaches (3ms)
			RebuildScriptCaches (252ms)
			SetupLoadedEditorAssemblies (1572ms)
				LogAssemblyErrors (0ms)
				InitializePlatformSupportModulesInManaged (25ms)
				SetLoadedEditorAssemblies (2ms)
				RefreshPlugins (2ms)
				BeforeProcessingInitializeOnLoad (467ms)
				ProcessInitializeOnLoadAttributes (1007ms)
				ProcessInitializeOnLoadMethodAttributes (29ms)
				AfterProcessingInitializeOnLoad (39ms)
				EditorAssembliesLoaded (1ms)
			ExecutionOrderSort2 (0ms)
			AwakeInstancesAfterBackupRestoration (58ms)
Platform modules already initialized, skipping
Refreshing native plugins compatible for Editor in 1.84 ms, found 3 plugins.
Preloading 0 native plugins for Editor in 0.00 ms.
Unloading 2087 Unused Serialized files (Serialized files now loaded: 0)
System memory in use before: 168.5 MB.
System memory in use after: 168.6 MB.

Unloading 14 unused Assets to reduce memory usage. Loaded Objects now: 2619.
Total: 14.272800 ms (FindLiveObjects: 0.902500 ms CreateObjectMapping: 0.427500 ms MarkObjects: 12.857600 ms  DeleteObjects: 0.080400 ms)

AssetImportParameters requested are different than current active one (requested -> active):
  custom:framework-win-MediaFoundation: 216162199b28c13a410421893ffa2e32 -> 
  custom:video-decoder-ogg-theora: a1e56fd34408186e4bbccfd4996cb3dc -> 
  custom:container-muxer-webm: aa71ff27fc2769a1b78a27578f13a17b -> 
  custom:container-demuxer-webm: 4f35f7cbe854078d1ac9338744f61a02 -> 
  custom:container-demuxer-ogg: 62fdf1f143b41e24485cea50d1cbac27 -> 
  custom:video-encoder-webm-vp8: eb34c28f22e8b96e1ab97ce403110664 -> 
  custom:video-decoder-webm-vp8: 9c59270c3fd7afecdb556c50c9e8de78 -> 
  custom:audio-decoder-ogg-vorbis: bf7c407c2cedff20999df2af8eb42d56 -> 
  custom:audio-encoder-webm-vorbis: bf7c407c2cedff20999df2af8eb42d56 -> 
========================================================================
Received Prepare
Registering precompiled user dll's ...
Registered in 0.020975 seconds.
Begin MonoManager ReloadAssembly
Native extension for WindowsStandalone target not found
Refreshing native plugins compatible for Editor in 1.71 ms, found 3 plugins.
Preloading 0 native plugins for Editor in 0.00 ms.
Mono: successfully reloaded assembly
- Completed reload, in  5.103 seconds
Domain Reload Profiling:
	ReloadAssembly (5105ms)
		BeginReloadAssembly (510ms)
			ExecutionOrderSort (0ms)
			DisableScriptedObjects (37ms)
			BackupInstance (0ms)
			ReleaseScriptingObjects (0ms)
			CreateAndSetChildDomain (126ms)
		EndReloadAssembly (4250ms)
			LoadAssemblies (506ms)
			RebuildTransferFunctionScriptingTraits (0ms)
			SetupTypeCache (1502ms)
			ReleaseScriptCaches (3ms)
			RebuildScriptCaches (229ms)
			SetupLoadedEditorAssemblies (1463ms)
				LogAssemblyErrors (0ms)
				InitializePlatformSupportModulesInManaged (24ms)
				SetLoadedEditorAssemblies (2ms)
				RefreshPlugins (2ms)
				BeforeProcessingInitializeOnLoad (425ms)
				ProcessInitializeOnLoadAttributes (943ms)
				ProcessInitializeOnLoadMethodAttributes (27ms)
				AfterProcessingInitializeOnLoad (40ms)
				EditorAssembliesLoaded (1ms)
			ExecutionOrderSort2 (0ms)
			AwakeInstancesAfterBackupRestoration (50ms)
Platform modules already initialized, skipping
Refreshing native plugins compatible for Editor in 1.85 ms, found 3 plugins.
Preloading 0 native plugins for Editor in 0.00 ms.
Unloading 2087 Unused Serialized files (Serialized files now loaded: 0)
System memory in use before: 168.5 MB.
System memory in use after: 168.6 MB.

Unloading 14 unused Assets to reduce memory usage. Loaded Objects now: 2622.
Total: 12.598500 ms (FindLiveObjects: 0.845900 ms CreateObjectMapping: 0.273100 ms MarkObjects: 11.390700 ms  DeleteObjects: 0.082400 ms)

AssetImportParameters requested are different than current active one (requested -> active):
  custom:framework-win-MediaFoundation: 216162199b28c13a410421893ffa2e32 -> 
  custom:video-decoder-ogg-theora: a1e56fd34408186e4bbccfd4996cb3dc -> 
  custom:container-muxer-webm: aa71ff27fc2769a1b78a27578f13a17b -> 
  custom:container-demuxer-webm: 4f35f7cbe854078d1ac9338744f61a02 -> 
  custom:container-demuxer-ogg: 62fdf1f143b41e24485cea50d1cbac27 -> 
  custom:video-encoder-webm-vp8: eb34c28f22e8b96e1ab97ce403110664 -> 
  custom:video-decoder-webm-vp8: 9c59270c3fd7afecdb556c50c9e8de78 -> 
  custom:audio-decoder-ogg-vorbis: bf7c407c2cedff20999df2af8eb42d56 -> 
  custom:audio-encoder-webm-vorbis: bf7c407c2cedff20999df2af8eb42d56 -> 
AssetImportWorkerClient::OnTransportError - code=2 error=End of file
